{"/Users/aditya/Projects/PaperCache/src/Settings.css": {"path":"/Users/aditya/Projects/PaperCache/src/Settings.css","statementMap":{},"fnMap":{},"branchMap":{},"s":{},"f":{},"b":{},"meta":{"lastBranch":0,"lastFunction":0,"lastStatement":0,"seen":{},"fnNames":{}}}
,"/Users/aditya/Projects/PaperCache/src/Settings.tsx": {"path":"/Users/aditya/Projects/PaperCache/src/Settings.tsx","statementMap":{"0":{"start":{"line":6,"column":17},"end":{"line":6,"column":null}},"1":{"start":{"line":7,"column":22},"end":{"line":7,"column":null}},"2":{"start":{"line":9,"column":2},"end":{"line":21,"column":null}},"3":{"start":{"line":10,"column":4},"end":{"line":12,"column":null}},"4":{"start":{"line":11,"column":6},"end":{"line":11,"column":null}},"5":{"start":{"line":14,"column":10},"end":{"line":18,"column":null}},"6":{"start":{"line":15,"column":6},"end":{"line":17,"column":null}},"7":{"start":{"line":16,"column":8},"end":{"line":16,"column":null}},"8":{"start":{"line":19,"column":4},"end":{"line":19,"column":null}},"9":{"start":{"line":20,"column":4},"end":{"line":20,"column":null}},"10":{"start":{"line":20,"column":17},"end":{"line":20,"column":null}},"11":{"start":{"line":22,"column":21},"end":{"line":24,"column":null}},"12":{"start":{"line":25,"column":19},"end":{"line":27,"column":null}},"13":{"start":{"line":28,"column":25},"end":{"line":31,"column":null}},"14":{"start":{"line":34,"column":32},"end":{"line":36,"column":null}},"15":{"start":{"line":37,"column":31},"end":{"line":39,"column":null}},"16":{"start":{"line":42,"column":26},"end":{"line":44,"column":null}},"17":{"start":{"line":47,"column":21},"end":{"line":49,"column":null}},"18":{"start":{"line":50,"column":22},"end":{"line":52,"column":null}},"19":{"start":{"line":53,"column":22},"end":{"line":55,"column":null}},"20":{"start":{"line":56,"column":17},"end":{"line":56,"column":null}},"21":{"start":{"line":57,"column":18},"end":{"line":57,"column":null}},"22":{"start":{"line":58,"column":18},"end":{"line":58,"column":null}},"23":{"start":{"line":60,"column":20},"end":{"line":62,"column":null}},"24":{"start":{"line":63,"column":19},"end":{"line":65,"column":null}},"25":{"start":{"line":66,"column":19},"end":{"line":68,"column":null}},"26":{"start":{"line":69,"column":18},"end":{"line":69,"column":null}},"27":{"start":{"line":70,"column":20},"end":{"line":72,"column":null}},"28":{"start":{"line":74,"column":23},"end":{"line":120,"column":null}},"29":{"start":{"line":75,"column":4},"end":{"line":77,"column":null}},"30":{"start":{"line":76,"column":6},"end":{"line":76,"column":null}},"31":{"start":{"line":78,"column":4},"end":{"line":78,"column":null}},"32":{"start":{"line":79,"column":4},"end":{"line":79,"column":null}},"33":{"start":{"line":80,"column":4},"end":{"line":80,"column":null}},"34":{"start":{"line":82,"column":4},"end":{"line":82,"column":null}},"35":{"start":{"line":83,"column":4},"end":{"line":83,"column":null}},"36":{"start":{"line":84,"column":4},"end":{"line":84,"column":null}},"37":{"start":{"line":85,"column":4},"end":{"line":85,"column":null}},"38":{"start":{"line":86,"column":4},"end":{"line":86,"column":null}},"39":{"start":{"line":87,"column":4},"end":{"line":87,"column":null}},"40":{"start":{"line":89,"column":4},"end":{"line":89,"column":null}},"41":{"start":{"line":90,"column":4},"end":{"line":90,"column":null}},"42":{"start":{"line":91,"column":4},"end":{"line":91,"column":null}},"43":{"start":{"line":92,"column":4},"end":{"line":92,"column":null}},"44":{"start":{"line":93,"column":4},"end":{"line":93,"column":null}},"45":{"start":{"line":96,"column":4},"end":{"line":96,"column":null}},"46":{"start":{"line":97,"column":4},"end":{"line":99,"column":null}},"47":{"start":{"line":98,"column":6},"end":{"line":98,"column":null}},"48":{"start":{"line":103,"column":6},"end":{"line":103,"column":null}},"49":{"start":{"line":104,"column":4},"end":{"line":104,"column":null}},"50":{"start":{"line":105,"column":4},"end":{"line":107,"column":null}},"51":{"start":{"line":106,"column":6},"end":{"line":106,"column":null}},"52":{"start":{"line":110,"column":6},"end":{"line":110,"column":null}},"53":{"start":{"line":111,"column":4},"end":{"line":111,"column":null}},"54":{"start":{"line":112,"column":4},"end":{"line":114,"column":null}},"55":{"start":{"line":113,"column":6},"end":{"line":113,"column":null}},"56":{"start":{"line":117,"column":4},"end":{"line":117,"column":null}},"57":{"start":{"line":119,"column":4},"end":{"line":119,"column":null}},"58":{"start":{"line":122,"column":8},"end":{"line":124,"column":null}},"59":{"start":{"line":123,"column":4},"end":{"line":123,"column":null}},"60":{"start":{"line":126,"column":8},"end":{"line":128,"column":null}},"61":{"start":{"line":127,"column":4},"end":{"line":127,"column":null}},"62":{"start":{"line":130,"column":2},"end":{"line":332,"column":null}},"63":{"start":{"line":144,"column":31},"end":{"line":144,"column":null}},"64":{"start":{"line":154,"column":31},"end":{"line":154,"column":null}},"65":{"start":{"line":164,"column":31},"end":{"line":164,"column":null}},"66":{"start":{"line":173,"column":31},"end":{"line":173,"column":null}},"67":{"start":{"line":198,"column":31},"end":{"line":198,"column":null}},"68":{"start":{"line":207,"column":31},"end":{"line":207,"column":null}},"69":{"start":{"line":220,"column":31},"end":{"line":220,"column":null}},"70":{"start":{"line":230,"column":56},"end":{"line":230,"column":null}},"71":{"start":{"line":250,"column":31},"end":{"line":250,"column":null}},"72":{"start":{"line":257,"column":52},"end":{"line":257,"column":null}},"73":{"start":{"line":267,"column":59},"end":{"line":267,"column":null}},"74":{"start":{"line":278,"column":67},"end":{"line":278,"column":96}},"75":{"start":{"line":288,"column":33},"end":{"line":288,"column":null}},"76":{"start":{"line":296,"column":67},"end":{"line":296,"column":98}},"77":{"start":{"line":301,"column":66},"end":{"line":301,"column":96}},"78":{"start":{"line":306,"column":66},"end":{"line":306,"column":96}},"79":{"start":{"line":311,"column":67},"end":{"line":311,"column":98}},"80":{"start":{"line":316,"column":65},"end":{"line":316,"column":94}}},"fnMap":{"0":{"name":"Settings","decl":{"start":{"line":5,"column":24},"end":{"line":5,"column":35}},"loc":{"start":{"line":5,"column":35},"end":{"line":334,"column":null}},"line":5},"1":{"name":"(anonymous_1)","decl":{"start":{"line":9,"column":2},"end":{"line":9,"column":18}},"loc":{"start":{"line":9,"column":18},"end":{"line":21,"column":5}},"line":9},"2":{"name":"(anonymous_2)","decl":{"start":{"line":10,"column":41},"end":{"line":10,"column":47}},"loc":{"start":{"line":10,"column":58},"end":{"line":12,"column":5}},"line":10},"3":{"name":"(anonymous_3)","decl":{"start":{"line":14,"column":10},"end":{"line":14,"column":27}},"loc":{"start":{"line":14,"column":48},"end":{"line":18,"column":null}},"line":14},"4":{"name":"(anonymous_4)","decl":{"start":{"line":20,"column":4},"end":{"line":20,"column":17}},"loc":{"start":{"line":20,"column":17},"end":{"line":20,"column":null}},"line":20},"5":{"name":"(anonymous_5)","decl":{"start":{"line":74,"column":23},"end":{"line":74,"column":35}},"loc":{"start":{"line":74,"column":35},"end":{"line":120,"column":null}},"line":74},"6":{"name":"(anonymous_6)","decl":{"start":{"line":122,"column":8},"end":{"line":122,"column":30}},"loc":{"start":{"line":122,"column":30},"end":{"line":124,"column":null}},"line":122},"7":{"name":"(anonymous_7)","decl":{"start":{"line":126,"column":8},"end":{"line":126,"column":24}},"loc":{"start":{"line":126,"column":24},"end":{"line":128,"column":null}},"line":126},"8":{"name":"(anonymous_8)","decl":{"start":{"line":144,"column":14},"end":{"line":144,"column":25}},"loc":{"start":{"line":144,"column":31},"end":{"line":144,"column":null}},"line":144},"9":{"name":"(anonymous_9)","decl":{"start":{"line":154,"column":14},"end":{"line":154,"column":25}},"loc":{"start":{"line":154,"column":31},"end":{"line":154,"column":null}},"line":154},"10":{"name":"(anonymous_10)","decl":{"start":{"line":164,"column":14},"end":{"line":164,"column":25}},"loc":{"start":{"line":164,"column":31},"end":{"line":164,"column":null}},"line":164},"11":{"name":"(anonymous_11)","decl":{"start":{"line":173,"column":14},"end":{"line":173,"column":25}},"loc":{"start":{"line":173,"column":31},"end":{"line":173,"column":null}},"line":173},"12":{"name":"(anonymous_12)","decl":{"start":{"line":198,"column":14},"end":{"line":198,"column":25}},"loc":{"start":{"line":198,"column":31},"end":{"line":198,"column":null}},"line":198},"13":{"name":"(anonymous_13)","decl":{"start":{"line":207,"column":14},"end":{"line":207,"column":25}},"loc":{"start":{"line":207,"column":31},"end":{"line":207,"column":null}},"line":207},"14":{"name":"(anonymous_14)","decl":{"start":{"line":220,"column":14},"end":{"line":220,"column":25}},"loc":{"start":{"line":220,"column":31},"end":{"line":220,"column":null}},"line":220},"15":{"name":"(anonymous_15)","decl":{"start":{"line":230,"column":39},"end":{"line":230,"column":50}},"loc":{"start":{"line":230,"column":56},"end":{"line":230,"column":null}},"line":230},"16":{"name":"(anonymous_16)","decl":{"start":{"line":250,"column":14},"end":{"line":250,"column":25}},"loc":{"start":{"line":250,"column":31},"end":{"line":250,"column":null}},"line":250},"17":{"name":"(anonymous_17)","decl":{"start":{"line":257,"column":35},"end":{"line":257,"column":46}},"loc":{"start":{"line":257,"column":52},"end":{"line":257,"column":null}},"line":257},"18":{"name":"(anonymous_18)","decl":{"start":{"line":267,"column":42},"end":{"line":267,"column":53}},"loc":{"start":{"line":267,"column":59},"end":{"line":267,"column":null}},"line":267},"19":{"name":"(anonymous_19)","decl":{"start":{"line":278,"column":50},"end":{"line":278,"column":61}},"loc":{"start":{"line":278,"column":67},"end":{"line":278,"column":96}},"line":278},"20":{"name":"(anonymous_20)","decl":{"start":{"line":288,"column":16},"end":{"line":288,"column":27}},"loc":{"start":{"line":288,"column":33},"end":{"line":288,"column":null}},"line":288},"21":{"name":"(anonymous_21)","decl":{"start":{"line":296,"column":50},"end":{"line":296,"column":61}},"loc":{"start":{"line":296,"column":67},"end":{"line":296,"column":98}},"line":296},"22":{"name":"(anonymous_22)","decl":{"start":{"line":301,"column":49},"end":{"line":301,"column":60}},"loc":{"start":{"line":301,"column":66},"end":{"line":301,"column":96}},"line":301},"23":{"name":"(anonymous_23)","decl":{"start":{"line":306,"column":49},"end":{"line":306,"column":60}},"loc":{"start":{"line":306,"column":66},"end":{"line":306,"column":96}},"line":306},"24":{"name":"(anonymous_24)","decl":{"start":{"line":311,"column":50},"end":{"line":311,"column":61}},"loc":{"start":{"line":311,"column":67},"end":{"line":311,"column":98}},"line":311},"25":{"name":"(anonymous_25)","decl":{"start":{"line":316,"column":48},"end":{"line":316,"column":59}},"loc":{"start":{"line":316,"column":65},"end":{"line":316,"column":94}},"line":316}},"branchMap":{"0":{"loc":{"start":{"line":15,"column":6},"end":{"line":17,"column":null}},"type":"if","locations":[{"start":{"line":15,"column":6},"end":{"line":17,"column":null}},{"start":{},"end":{}}],"line":15},"1":{"loc":{"start":{"line":23,"column":4},"end":{"line":23,"column":null}},"type":"binary-expr","locations":[{"start":{"line":23,"column":4},"end":{"line":23,"column":56}},{"start":{"line":23,"column":56},"end":{"line":23,"column":null}}],"line":23},"2":{"loc":{"start":{"line":26,"column":4},"end":{"line":26,"column":null}},"type":"binary-expr","locations":[{"start":{"line":26,"column":4},"end":{"line":26,"column":53}},{"start":{"line":26,"column":53},"end":{"line":26,"column":null}}],"line":26},"3":{"loc":{"start":{"line":29,"column":4},"end":{"line":30,"column":null}},"type":"binary-expr","locations":[{"start":{"line":29,"column":4},"end":{"line":29,"column":null}},{"start":{"line":30,"column":6},"end":{"line":30,"column":null}}],"line":29},"4":{"loc":{"start":{"line":35,"column":4},"end":{"line":35,"column":null}},"type":"binary-expr","locations":[{"start":{"line":35,"column":4},"end":{"line":35,"column":60}},{"start":{"line":35,"column":60},"end":{"line":35,"column":null}}],"line":35},"5":{"loc":{"start":{"line":38,"column":4},"end":{"line":38,"column":null}},"type":"binary-expr","locations":[{"start":{"line":38,"column":4},"end":{"line":38,"column":59}},{"start":{"line":38,"column":59},"end":{"line":38,"column":null}}],"line":38},"6":{"loc":{"start":{"line":48,"column":4},"end":{"line":48,"column":null}},"type":"binary-expr","locations":[{"start":{"line":48,"column":4},"end":{"line":48,"column":55}},{"start":{"line":48,"column":55},"end":{"line":48,"column":null}}],"line":48},"7":{"loc":{"start":{"line":54,"column":4},"end":{"line":54,"column":null}},"type":"binary-expr","locations":[{"start":{"line":54,"column":4},"end":{"line":54,"column":56}},{"start":{"line":54,"column":56},"end":{"line":54,"column":null}}],"line":54},"8":{"loc":{"start":{"line":56,"column":39},"end":{"line":56,"column":93}},"type":"binary-expr","locations":[{"start":{"line":56,"column":39},"end":{"line":56,"column":86}},{"start":{"line":56,"column":86},"end":{"line":56,"column":93}}],"line":56},"9":{"loc":{"start":{"line":57,"column":41},"end":{"line":57,"column":98}},"type":"binary-expr","locations":[{"start":{"line":57,"column":41},"end":{"line":57,"column":89}},{"start":{"line":57,"column":89},"end":{"line":57,"column":98}}],"line":57},"10":{"loc":{"start":{"line":58,"column":41},"end":{"line":58,"column":91}},"type":"binary-expr","locations":[{"start":{"line":58,"column":41},"end":{"line":58,"column":89}},{"start":{"line":58,"column":89},"end":{"line":58,"column":91}}],"line":58},"11":{"loc":{"start":{"line":61,"column":4},"end":{"line":61,"column":null}},"type":"binary-expr","locations":[{"start":{"line":61,"column":4},"end":{"line":61,"column":54}},{"start":{"line":61,"column":54},"end":{"line":61,"column":null}}],"line":61},"12":{"loc":{"start":{"line":64,"column":4},"end":{"line":64,"column":null}},"type":"binary-expr","locations":[{"start":{"line":64,"column":4},"end":{"line":64,"column":53}},{"start":{"line":64,"column":53},"end":{"line":64,"column":null}}],"line":64},"13":{"loc":{"start":{"line":67,"column":4},"end":{"line":67,"column":null}},"type":"binary-expr","locations":[{"start":{"line":67,"column":4},"end":{"line":67,"column":53}},{"start":{"line":67,"column":53},"end":{"line":67,"column":null}}],"line":67},"14":{"loc":{"start":{"line":69,"column":41},"end":{"line":69,"column":98}},"type":"binary-expr","locations":[{"start":{"line":69,"column":41},"end":{"line":69,"column":89}},{"start":{"line":69,"column":89},"end":{"line":69,"column":98}}],"line":69},"15":{"loc":{"start":{"line":71,"column":4},"end":{"line":71,"column":null}},"type":"binary-expr","locations":[{"start":{"line":71,"column":4},"end":{"line":71,"column":54}},{"start":{"line":71,"column":54},"end":{"line":71,"column":null}}],"line":71},"16":{"loc":{"start":{"line":75,"column":4},"end":{"line":77,"column":null}},"type":"if","locations":[{"start":{"line":75,"column":4},"end":{"line":77,"column":null}},{"start":{},"end":{}}],"line":75},"17":{"loc":{"start":{"line":97,"column":4},"end":{"line":99,"column":null}},"type":"if","locations":[{"start":{"line":97,"column":4},"end":{"line":99,"column":null}},{"start":{},"end":{}}],"line":97},"18":{"loc":{"start":{"line":103,"column":6},"end":{"line":103,"column":null}},"type":"binary-expr","locations":[{"start":{"line":103,"column":6},"end":{"line":103,"column":61}},{"start":{"line":103,"column":61},"end":{"line":103,"column":null}}],"line":103},"19":{"loc":{"start":{"line":105,"column":4},"end":{"line":107,"column":null}},"type":"if","locations":[{"start":{"line":105,"column":4},"end":{"line":107,"column":null}},{"start":{},"end":{}}],"line":105},"20":{"loc":{"start":{"line":110,"column":6},"end":{"line":110,"column":null}},"type":"binary-expr","locations":[{"start":{"line":110,"column":6},"end":{"line":110,"column":60}},{"start":{"line":110,"column":60},"end":{"line":110,"column":null}}],"line":110},"21":{"loc":{"start":{"line":112,"column":4},"end":{"line":114,"column":null}},"type":"if","locations":[{"start":{"line":112,"column":4},"end":{"line":114,"column":null}},{"start":{},"end":{}}],"line":112},"22":{"loc":{"start":{"line":140,"column":28},"end":{"line":140,"column":64}},"type":"cond-expr","locations":[{"start":{"line":140,"column":42},"end":{"line":140,"column":54}},{"start":{"line":140,"column":54},"end":{"line":140,"column":64}}],"line":140},"23":{"loc":{"start":{"line":145,"column":27},"end":{"line":145,"column":null}},"type":"cond-expr","locations":[{"start":{"line":145,"column":41},"end":{"line":145,"column":79}},{"start":{"line":145,"column":79},"end":{"line":145,"column":null}}],"line":145},"24":{"loc":{"start":{"line":264,"column":11},"end":{"line":272,"column":null}},"type":"binary-expr","locations":[{"start":{"line":264,"column":11},"end":{"line":264,"column":null}},{"start":{"line":265,"column":12},"end":{"line":272,"column":null}}],"line":264},"25":{"loc":{"start":{"line":275,"column":11},"end":{"line":279,"column":null}},"type":"binary-expr","locations":[{"start":{"line":275,"column":11},"end":{"line":275,"column":null}},{"start":{"line":276,"column":12},"end":{"line":279,"column":null}}],"line":275},"26":{"loc":{"start":{"line":282,"column":11},"end":{"line":291,"column":null}},"type":"binary-expr","locations":[{"start":{"line":282,"column":11},"end":{"line":282,"column":null}},{"start":{"line":283,"column":12},"end":{"line":291,"column":null}}],"line":282}},"s":{"0":9,"1":9,"2":9,"3":5,"4":5,"5":5,"6":0,"7":0,"8":5,"9":5,"10":5,"11":9,"12":9,"13":9,"14":9,"15":9,"16":9,"17":9,"18":9,"19":9,"20":9,"21":9,"22":9,"23":9,"24":9,"25":9,"26":9,"27":9,"28":9,"29":1,"30":1,"31":1,"32":1,"33":1,"34":1,"35":1,"36":1,"37":1,"38":1,"39":1,"40":1,"41":1,"42":1,"43":1,"44":1,"45":1,"46":1,"47":1,"48":1,"49":1,"50":1,"51":1,"52":1,"53":1,"54":1,"55":1,"56":1,"57":1,"58":9,"59":0,"60":9,"61":1,"62":9,"63":2,"64":0,"65":0,"66":0,"67":0,"68":0,"69":0,"70":0,"71":0,"72":0,"73":0,"74":0,"75":0,"76":0,"77":0,"78":0,"79":0,"80":0},"f":{"0":9,"1":5,"2":5,"3":0,"4":5,"5":1,"6":0,"7":1,"8":2,"9":0,"10":0,"11":0,"12":0,"13":0,"14":0,"15":0,"16":0,"17":0,"18":0,"19":0,"20":0,"21":0,"22":0,"23":0,"24":0,"25":0},"b":{"0":[0,0],"1":[9,8],"2":[9,8],"3":[9,8],"4":[9,8],"5":[9,8],"6":[9,8],"7":[9,8],"8":[9,8],"9":[9,8],"10":[9,9],"11":[9,8],"12":[9,8],"13":[9,8],"14":[9,8],"15":[9,8],"16":[1,0],"17":[1,0],"18":[1,1],"19":[1,0],"20":[1,1],"21":[1,0],"22":[1,8],"23":[1,8],"24":[9,0],"25":[9,9],"26":[9,0]},"meta":{"lastBranch":27,"lastFunction":26,"lastStatement":81,"seen":{"f:5:24:5:35":0,"s:6:17:6:Infinity":0,"s:7:22:7:Infinity":1,"s:9:2:21:Infinity":2,"f:9:2:9:18":1,"s:10:4:12:Infinity":3,"f:10:41:10:47":2,"s:11:6:11:Infinity":4,"s:14:10:18:Infinity":5,"f:14:10:14:27":3,"b:15:6:17:Infinity:undefined:undefined:undefined:undefined":0,"s:15:6:17:Infinity":6,"s:16:8:16:Infinity":7,"s:19:4:19:Infinity":8,"s:20:4:20:Infinity":9,"f:20:4:20:17":4,"s:20:17:20:Infinity":10,"s:22:21:24:Infinity":11,"b:23:4:23:56:23:56:23:Infinity":1,"s:25:19:27:Infinity":12,"b:26:4:26:53:26:53:26:Infinity":2,"s:28:25:31:Infinity":13,"b:29:4:29:Infinity:30:6:30:Infinity":3,"s:34:32:36:Infinity":14,"b:35:4:35:60:35:60:35:Infinity":4,"s:37:31:39:Infinity":15,"b:38:4:38:59:38:59:38:Infinity":5,"s:42:26:44:Infinity":16,"s:47:21:49:Infinity":17,"b:48:4:48:55:48:55:48:Infinity":6,"s:50:22:52:Infinity":18,"s:53:22:55:Infinity":19,"b:54:4:54:56:54:56:54:Infinity":7,"s:56:17:56:Infinity":20,"b:56:39:56:86:56:86:56:93":8,"s:57:18:57:Infinity":21,"b:57:41:57:89:57:89:57:98":9,"s:58:18:58:Infinity":22,"b:58:41:58:89:58:89:58:91":10,"s:60:20:62:Infinity":23,"b:61:4:61:54:61:54:61:Infinity":11,"s:63:19:65:Infinity":24,"b:64:4:64:53:64:53:64:Infinity":12,"s:66:19:68:Infinity":25,"b:67:4:67:53:67:53:67:Infinity":13,"s:69:18:69:Infinity":26,"b:69:41:69:89:69:89:69:98":14,"s:70:20:72:Infinity":27,"b:71:4:71:54:71:54:71:Infinity":15,"s:74:23:120:Infinity":28,"f:74:23:74:35":5,"b:75:4:77:Infinity:undefined:undefined:undefined:undefined":16,"s:75:4:77:Infinity":29,"s:76:6:76:Infinity":30,"s:78:4:78:Infinity":31,"s:79:4:79:Infinity":32,"s:80:4:80:Infinity":33,"s:82:4:82:Infinity":34,"s:83:4:83:Infinity":35,"s:84:4:84:Infinity":36,"s:85:4:85:Infinity":37,"s:86:4:86:Infinity":38,"s:87:4:87:Infinity":39,"s:89:4:89:Infinity":40,"s:90:4:90:Infinity":41,"s:91:4:91:Infinity":42,"s:92:4:92:Infinity":43,"s:93:4:93:Infinity":44,"s:96:4:96:Infinity":45,"b:97:4:99:Infinity:undefined:undefined:undefined:undefined":17,"s:97:4:99:Infinity":46,"s:98:6:98:Infinity":47,"s:103:6:103:Infinity":48,"b:103:6:103:61:103:61:103:Infinity":18,"s:104:4:104:Infinity":49,"b:105:4:107:Infinity:undefined:undefined:undefined:undefined":19,"s:105:4:107:Infinity":50,"s:106:6:106:Infinity":51,"s:110:6:110:Infinity":52,"b:110:6:110:60:110:60:110:Infinity":20,"s:111:4:111:Infinity":53,"b:112:4:114:Infinity:undefined:undefined:undefined:undefined":21,"s:112:4:114:Infinity":54,"s:113:6:113:Infinity":55,"s:117:4:117:Infinity":56,"s:119:4:119:Infinity":57,"s:122:8:124:Infinity":58,"f:122:8:122:30":6,"s:123:4:123:Infinity":59,"s:126:8:128:Infinity":60,"f:126:8:126:24":7,"s:127:4:127:Infinity":61,"s:130:2:332:Infinity":62,"b:140:42:140:54:140:54:140:64":22,"f:144:14:144:25":8,"s:144:31:144:Infinity":63,"b:145:41:145:79:145:79:145:Infinity":23,"f:154:14:154:25":9,"s:154:31:154:Infinity":64,"f:164:14:164:25":10,"s:164:31:164:Infinity":65,"f:173:14:173:25":11,"s:173:31:173:Infinity":66,"f:198:14:198:25":12,"s:198:31:198:Infinity":67,"f:207:14:207:25":13,"s:207:31:207:Infinity":68,"f:220:14:220:25":14,"s:220:31:220:Infinity":69,"f:230:39:230:50":15,"s:230:56:230:Infinity":70,"f:250:14:250:25":16,"s:250:31:250:Infinity":71,"f:257:35:257:46":17,"s:257:52:257:Infinity":72,"b:264:11:264:Infinity:265:12:272:Infinity":24,"f:267:42:267:53":18,"s:267:59:267:Infinity":73,"b:275:11:275:Infinity:276:12:279:Infinity":25,"f:278:50:278:61":19,"s:278:67:278:96":74,"b:282:11:282:Infinity:283:12:291:Infinity":26,"f:288:16:288:27":20,"s:288:33:288:Infinity":75,"f:296:50:296:61":21,"s:296:67:296:98":76,"f:301:49:301:60":22,"s:301:66:301:96":77,"f:306:49:306:60":23,"s:306:66:306:96":78,"f:311:50:311:61":24,"s:311:67:311:98":79,"f:316:48:316:59":25,"s:316:65:316:94":80},"fnNames":{}}}
,"/Users/aditya/Projects/PaperCache/src/utils.ts": {"path":"/Users/aditya/Projects/PaperCache/src/utils.ts","statementMap":{"0":{"start":{"line":1,"column":13},"end":{"line":40,"column":null}},"1":{"start":{"line":2,"column":2},"end":{"line":2,"column":null}},"2":{"start":{"line":2,"column":12},"end":{"line":2,"column":null}},"3":{"start":{"line":3,"column":39},"end":{"line":3,"column":null}},"4":{"start":{"line":4,"column":2},"end":{"line":6,"column":null}},"5":{"start":{"line":5,"column":4},"end":{"line":5,"column":null}},"6":{"start":{"line":8,"column":2},"end":{"line":8,"column":null}},"7":{"start":{"line":8,"column":19},"end":{"line":8,"column":null}},"8":{"start":{"line":10,"column":19},"end":{"line":15,"column":null}},"9":{"start":{"line":12,"column":20},"end":{"line":12,"column":null}},"10":{"start":{"line":13,"column":6},"end":{"line":13,"column":null}},"11":{"start":{"line":15,"column":19},"end":{"line":15,"column":29}},"12":{"start":{"line":17,"column":16},"end":{"line":17,"column":null}},"13":{"start":{"line":18,"column":2},"end":{"line":34,"column":null}},"14":{"start":{"line":19,"column":4},"end":{"line":19,"column":null}},"15":{"start":{"line":19,"column":28},"end":{"line":19,"column":33}},"16":{"start":{"line":20,"column":18},"end":{"line":20,"column":null}},"17":{"start":{"line":21,"column":4},"end":{"line":29,"column":null}},"18":{"start":{"line":21,"column":17},"end":{"line":21,"column":20}},"19":{"start":{"line":22,"column":12},"end":{"line":22,"column":null}},"20":{"start":{"line":23,"column":17},"end":{"line":23,"column":null}},"21":{"start":{"line":24,"column":6},"end":{"line":24,"column":null}},"22":{"start":{"line":24,"column":21},"end":{"line":24,"column":null}},"23":{"start":{"line":25,"column":6},"end":{"line":28,"column":null}},"24":{"start":{"line":26,"column":8},"end":{"line":26,"column":null}},"25":{"start":{"line":27,"column":8},"end":{"line":27,"column":null}},"26":{"start":{"line":31,"column":15},"end":{"line":31,"column":null}},"27":{"start":{"line":32,"column":4},"end":{"line":32,"column":null}},"28":{"start":{"line":32,"column":17},"end":{"line":32,"column":20}},"29":{"start":{"line":32,"column":41},"end":{"line":32,"column":null}},"30":{"start":{"line":33,"column":4},"end":{"line":33,"column":null}},"31":{"start":{"line":36,"column":16},"end":{"line":36,"column":null}},"32":{"start":{"line":37,"column":2},"end":{"line":37,"column":null}},"33":{"start":{"line":38,"column":2},"end":{"line":38,"column":null}},"34":{"start":{"line":39,"column":2},"end":{"line":39,"column":null}}},"fnMap":{"0":{"name":"(anonymous_0)","decl":{"start":{"line":1,"column":13},"end":{"line":1,"column":31}},"loc":{"start":{"line":1,"column":55},"end":{"line":40,"column":null}},"line":1},"1":{"name":"(anonymous_1)","decl":{"start":{"line":11,"column":5},"end":{"line":11,"column":10}},"loc":{"start":{"line":11,"column":16},"end":{"line":14,"column":5}},"line":11},"2":{"name":"(anonymous_2)","decl":{"start":{"line":15,"column":5},"end":{"line":15,"column":13}},"loc":{"start":{"line":15,"column":19},"end":{"line":15,"column":29}},"line":15},"3":{"name":"(anonymous_3)","decl":{"start":{"line":19,"column":13},"end":{"line":19,"column":19}},"loc":{"start":{"line":19,"column":28},"end":{"line":19,"column":33}},"line":19}},"branchMap":{"0":{"loc":{"start":{"line":2,"column":2},"end":{"line":2,"column":null}},"type":"if","locations":[{"start":{"line":2,"column":2},"end":{"line":2,"column":null}},{"start":{},"end":{}}],"line":2},"1":{"loc":{"start":{"line":5,"column":24},"end":{"line":5,"column":80}},"type":"binary-expr","locations":[{"start":{"line":5,"column":24},"end":{"line":5,"column":76}},{"start":{"line":5,"column":76},"end":{"line":5,"column":80}}],"line":5},"2":{"loc":{"start":{"line":8,"column":2},"end":{"line":8,"column":null}},"type":"if","locations":[{"start":{"line":8,"column":2},"end":{"line":8,"column":null}},{"start":{},"end":{}}],"line":8},"3":{"loc":{"start":{"line":13,"column":13},"end":{"line":13,"column":null}},"type":"cond-expr","locations":[{"start":{"line":13,"column":21},"end":{"line":13,"column":42}},{"start":{"line":13,"column":42},"end":{"line":13,"column":null}}],"line":13},"4":{"loc":{"start":{"line":18,"column":2},"end":{"line":34,"column":null}},"type":"if","locations":[{"start":{"line":18,"column":2},"end":{"line":34,"column":null}},{"start":{"line":30,"column":9},"end":{"line":34,"column":null}}],"line":18},"5":{"loc":{"start":{"line":24,"column":6},"end":{"line":24,"column":null}},"type":"if","locations":[{"start":{"line":24,"column":6},"end":{"line":24,"column":null}},{"start":{},"end":{}}],"line":24},"6":{"loc":{"start":{"line":25,"column":6},"end":{"line":28,"column":null}},"type":"if","locations":[{"start":{"line":25,"column":6},"end":{"line":28,"column":null}},{"start":{},"end":{}}],"line":25}},"s":{"0":1,"1":9,"2":1,"3":8,"4":8,"5":8,"6":8,"7":1,"8":7,"9":4,"10":4,"11":4,"12":7,"13":7,"14":3,"15":1,"16":3,"17":3,"18":3,"19":4,"20":4,"21":4,"22":3,"23":4,"24":3,"25":3,"26":4,"27":4,"28":4,"29":20,"30":4,"31":7,"32":7,"33":7,"34":7},"f":{"0":9,"1":4,"2":4,"3":1},"b":{"0":[1,8],"1":[8,4],"2":[1,7],"3":[4,0],"4":[3,4],"5":[3,1],"6":[3,1]},"meta":{"lastBranch":7,"lastFunction":4,"lastStatement":35,"seen":{"s:1:13:40:Infinity":0,"f:1:13:1:31":0,"b:2:2:2:Infinity:undefined:undefined:undefined:undefined":0,"s:2:2:2:Infinity":1,"s:2:12:2:Infinity":2,"s:3:39:3:Infinity":3,"s:4:2:6:Infinity":4,"s:5:4:5:Infinity":5,"b:5:24:5:76:5:76:5:80":1,"b:8:2:8:Infinity:undefined:undefined:undefined:undefined":2,"s:8:2:8:Infinity":6,"s:8:19:8:Infinity":7,"s:10:19:15:Infinity":8,"f:11:5:11:10":1,"s:12:20:12:Infinity":9,"s:13:6:13:Infinity":10,"b:13:21:13:42:13:42:13:Infinity":3,"f:15:5:15:13":2,"s:15:19:15:29":11,"s:17:16:17:Infinity":12,"b:18:2:34:Infinity:30:9:34:Infinity":4,"s:18:2:34:Infinity":13,"s:19:4:19:Infinity":14,"f:19:13:19:19":3,"s:19:28:19:33":15,"s:20:18:20:Infinity":16,"s:21:4:29:Infinity":17,"s:21:17:21:20":18,"s:22:12:22:Infinity":19,"s:23:17:23:Infinity":20,"b:24:6:24:Infinity:undefined:undefined:undefined:undefined":5,"s:24:6:24:Infinity":21,"s:24:21:24:Infinity":22,"b:25:6:28:Infinity:undefined:undefined:undefined:undefined":6,"s:25:6:28:Infinity":23,"s:26:8:26:Infinity":24,"s:27:8:27:Infinity":25,"s:31:15:31:Infinity":26,"s:32:4:32:Infinity":27,"s:32:17:32:20":28,"s:32:41:32:Infinity":29,"s:33:4:33:Infinity":30,"s:36:16:36:Infinity":31,"s:37:2:37:Infinity":32,"s:38:2:38:Infinity":33,"s:39:2:39:Infinity":34},"fnNames":{}}}
,"/Users/aditya/Projects/PaperCache/src/hooks/useReminders.ts": {"path":"/Users/aditya/Projects/PaperCache/src/hooks/useReminders.ts","statementMap":{"0":{"start":{"line":6,"column":67},"end":{"line":6,"column":null}},"1":{"start":{"line":8,"column":4},"end":{"line":8,"column":null}},"2":{"start":{"line":11,"column":2},"end":{"line":25,"column":null}},"3":{"start":{"line":12,"column":19},"end":{"line":12,"column":null}},"4":{"start":{"line":13,"column":18},"end":{"line":13,"column":null}},"5":{"start":{"line":14,"column":22},"end":{"line":14,"column":null}},"6":{"start":{"line":15,"column":4},"end":{"line":24,"column":null}},"7":{"start":{"line":16,"column":23},"end":{"line":16,"column":null}},"8":{"start":{"line":17,"column":6},"end":{"line":23,"column":null}},"9":{"start":{"line":18,"column":8},"end":{"line":22,"column":null}},"10":{"start":{"line":26,"column":2},"end":{"line":26,"column":null}},"11":{"start":{"line":30,"column":14},"end":{"line":30,"column":null}},"12":{"start":{"line":31,"column":22},"end":{"line":31,"column":null}},"13":{"start":{"line":32,"column":19},"end":{"line":32,"column":null}},"14":{"start":{"line":33,"column":21},"end":{"line":33,"column":null}},"15":{"start":{"line":35,"column":23},"end":{"line":35,"column":null}},"16":{"start":{"line":35,"column":44},"end":{"line":35,"column":75}},"17":{"start":{"line":37,"column":2},"end":{"line":49,"column":null}},"18":{"start":{"line":38,"column":4},"end":{"line":48,"column":null}},"19":{"start":{"line":39,"column":6},"end":{"line":47,"column":null}},"20":{"start":{"line":40,"column":8},"end":{"line":40,"column":null}},"21":{"start":{"line":41,"column":8},"end":{"line":44,"column":null}},"22":{"start":{"line":45,"column":8},"end":{"line":45,"column":null}},"23":{"start":{"line":46,"column":8},"end":{"line":46,"column":null}},"24":{"start":{"line":51,"column":2},"end":{"line":53,"column":null}},"25":{"start":{"line":52,"column":4},"end":{"line":52,"column":null}},"26":{"start":{"line":57,"column":14},"end":{"line":57,"column":null}},"27":{"start":{"line":58,"column":15},"end":{"line":62,"column":null}},"28":{"start":{"line":59,"column":20},"end":{"line":59,"column":51}},"29":{"start":{"line":60,"column":16},"end":{"line":60,"column":33}},"30":{"start":{"line":61,"column":19},"end":{"line":61,"column":26}},"31":{"start":{"line":64,"column":2},"end":{"line":64,"column":null}},"32":{"start":{"line":64,"column":13},"end":{"line":64,"column":null}},"33":{"start":{"line":67,"column":16},"end":{"line":67,"column":null}},"34":{"start":{"line":68,"column":2},"end":{"line":68,"column":null}},"35":{"start":{"line":72,"column":8},"end":{"line":72,"column":null}},"36":{"start":{"line":72,"column":39},"end":{"line":72,"column":50}},"37":{"start":{"line":73,"column":8},"end":{"line":73,"column":null}},"38":{"start":{"line":75,"column":2},"end":{"line":107,"column":null}},"39":{"start":{"line":76,"column":4},"end":{"line":78,"column":null}},"40":{"start":{"line":77,"column":6},"end":{"line":77,"column":null}},"41":{"start":{"line":80,"column":10},"end":{"line":84,"column":null}},"42":{"start":{"line":81,"column":6},"end":{"line":81,"column":null}},"43":{"start":{"line":82,"column":6},"end":{"line":82,"column":null}},"44":{"start":{"line":82,"column":28},"end":{"line":82,"column":null}},"45":{"start":{"line":83,"column":6},"end":{"line":83,"column":null}},"46":{"start":{"line":86,"column":4},"end":{"line":86,"column":null}},"47":{"start":{"line":88,"column":10},"end":{"line":93,"column":null}},"48":{"start":{"line":89,"column":6},"end":{"line":92,"column":null}},"49":{"start":{"line":90,"column":8},"end":{"line":90,"column":null}},"50":{"start":{"line":91,"column":8},"end":{"line":91,"column":null}},"51":{"start":{"line":95,"column":10},"end":{"line":97,"column":null}},"52":{"start":{"line":96,"column":6},"end":{"line":96,"column":null}},"53":{"start":{"line":99,"column":31},"end":{"line":99,"column":null}},"54":{"start":{"line":100,"column":30},"end":{"line":100,"column":null}},"55":{"start":{"line":102,"column":4},"end":{"line":106,"column":null}},"56":{"start":{"line":103,"column":6},"end":{"line":103,"column":null}},"57":{"start":{"line":103,"column":28},"end":{"line":103,"column":null}},"58":{"start":{"line":104,"column":6},"end":{"line":104,"column":null}},"59":{"start":{"line":105,"column":6},"end":{"line":105,"column":null}}},"fnMap":{"0":{"name":"parseReminders","decl":{"start":{"line":5,"column":9},"end":{"line":5,"column":24}},"loc":{"start":{"line":5,"column":57},"end":{"line":27,"column":null}},"line":5},"1":{"name":"handleDueReminders","decl":{"start":{"line":29,"column":9},"end":{"line":29,"column":28}},"loc":{"start":{"line":29,"column":43},"end":{"line":54,"column":null}},"line":29},"2":{"name":"(anonymous_2)","decl":{"start":{"line":35,"column":29},"end":{"line":35,"column":38}},"loc":{"start":{"line":35,"column":44},"end":{"line":35,"column":75}},"line":35},"3":{"name":"scheduleNextReminder","decl":{"start":{"line":56,"column":9},"end":{"line":56,"column":30}},"loc":{"start":{"line":56,"column":67},"end":{"line":69,"column":null}},"line":56},"4":{"name":"(anonymous_4)","decl":{"start":{"line":59,"column":5},"end":{"line":59,"column":14}},"loc":{"start":{"line":59,"column":20},"end":{"line":59,"column":51}},"line":59},"5":{"name":"(anonymous_5)","decl":{"start":{"line":60,"column":5},"end":{"line":60,"column":10}},"loc":{"start":{"line":60,"column":16},"end":{"line":60,"column":33}},"line":60},"6":{"name":"(anonymous_6)","decl":{"start":{"line":61,"column":5},"end":{"line":61,"column":13}},"loc":{"start":{"line":61,"column":19},"end":{"line":61,"column":26}},"line":61},"7":{"name":"useReminders","decl":{"start":{"line":71,"column":16},"end":{"line":71,"column":31}},"loc":{"start":{"line":71,"column":31},"end":{"line":108,"column":null}},"line":71},"8":{"name":"(anonymous_8)","decl":{"start":{"line":72,"column":16},"end":{"line":72,"column":29}},"loc":{"start":{"line":72,"column":39},"end":{"line":72,"column":50}},"line":72},"9":{"name":"(anonymous_9)","decl":{"start":{"line":75,"column":2},"end":{"line":75,"column":18}},"loc":{"start":{"line":75,"column":18},"end":{"line":107,"column":5}},"line":75},"10":{"name":"(anonymous_10)","decl":{"start":{"line":80,"column":10},"end":{"line":80,"column":35}},"loc":{"start":{"line":80,"column":35},"end":{"line":84,"column":null}},"line":80},"11":{"name":"(anonymous_11)","decl":{"start":{"line":88,"column":10},"end":{"line":88,"column":28}},"loc":{"start":{"line":88,"column":28},"end":{"line":93,"column":null}},"line":88},"12":{"name":"(anonymous_12)","decl":{"start":{"line":95,"column":10},"end":{"line":95,"column":27}},"loc":{"start":{"line":95,"column":27},"end":{"line":97,"column":null}},"line":95},"13":{"name":"(anonymous_13)","decl":{"start":{"line":102,"column":4},"end":{"line":102,"column":17}},"loc":{"start":{"line":102,"column":17},"end":{"line":106,"column":null}},"line":102}},"branchMap":{"0":{"loc":{"start":{"line":15,"column":4},"end":{"line":24,"column":null}},"type":"if","locations":[{"start":{"line":15,"column":4},"end":{"line":24,"column":null}},{"start":{},"end":{}}],"line":15},"1":{"loc":{"start":{"line":15,"column":8},"end":{"line":15,"column":30}},"type":"binary-expr","locations":[{"start":{"line":15,"column":8},"end":{"line":15,"column":19}},{"start":{"line":15,"column":19},"end":{"line":15,"column":30}}],"line":15},"2":{"loc":{"start":{"line":17,"column":6},"end":{"line":23,"column":null}},"type":"if","locations":[{"start":{"line":17,"column":6},"end":{"line":23,"column":null}},{"start":{},"end":{}}],"line":17},"3":{"loc":{"start":{"line":31,"column":22},"end":{"line":31,"column":null}},"type":"binary-expr","locations":[{"start":{"line":31,"column":22},"end":{"line":31,"column":80}},{"start":{"line":31,"column":80},"end":{"line":31,"column":null}}],"line":31},"4":{"loc":{"start":{"line":38,"column":4},"end":{"line":48,"column":null}},"type":"if","locations":[{"start":{"line":38,"column":4},"end":{"line":48,"column":null}},{"start":{},"end":{}}],"line":38},"5":{"loc":{"start":{"line":39,"column":6},"end":{"line":47,"column":null}},"type":"if","locations":[{"start":{"line":39,"column":6},"end":{"line":47,"column":null}},{"start":{},"end":{}}],"line":39},"6":{"loc":{"start":{"line":51,"column":2},"end":{"line":53,"column":null}},"type":"if","locations":[{"start":{"line":51,"column":2},"end":{"line":53,"column":null}},{"start":{},"end":{}}],"line":51},"7":{"loc":{"start":{"line":64,"column":2},"end":{"line":64,"column":null}},"type":"if","locations":[{"start":{"line":64,"column":2},"end":{"line":64,"column":null}},{"start":{},"end":{}}],"line":64},"8":{"loc":{"start":{"line":76,"column":4},"end":{"line":78,"column":null}},"type":"if","locations":[{"start":{"line":76,"column":4},"end":{"line":78,"column":null}},{"start":{},"end":{}}],"line":76},"9":{"loc":{"start":{"line":76,"column":8},"end":{"line":76,"column":87}},"type":"binary-expr","locations":[{"start":{"line":76,"column":8},"end":{"line":76,"column":49}},{"start":{"line":76,"column":49},"end":{"line":76,"column":87}}],"line":76},"10":{"loc":{"start":{"line":82,"column":6},"end":{"line":82,"column":null}},"type":"if","locations":[{"start":{"line":82,"column":6},"end":{"line":82,"column":null}},{"start":{},"end":{}}],"line":82},"11":{"loc":{"start":{"line":89,"column":6},"end":{"line":92,"column":null}},"type":"if","locations":[{"start":{"line":89,"column":6},"end":{"line":92,"column":null}},{"start":{},"end":{}}],"line":89},"12":{"loc":{"start":{"line":103,"column":6},"end":{"line":103,"column":null}},"type":"if","locations":[{"start":{"line":103,"column":6},"end":{"line":103,"column":null}},{"start":{},"end":{}}],"line":103}},"s":{"0":8,"1":8,"2":8,"3":8,"4":8,"5":8,"6":8,"7":6,"8":6,"9":6,"10":8,"11":6,"12":6,"13":6,"14":6,"15":6,"16":4,"17":6,"18":3,"19":2,"20":2,"21":2,"22":2,"23":2,"24":6,"25":2,"26":6,"27":6,"28":4,"29":3,"30":3,"31":6,"32":5,"33":1,"34":1,"35":5,"36":15,"37":5,"38":5,"39":5,"40":1,"41":5,"42":6,"43":6,"44":1,"45":6,"46":5,"47":5,"48":0,"49":0,"50":0,"51":5,"52":0,"53":5,"54":5,"55":5,"56":5,"57":0,"58":5,"59":5},"f":{"0":8,"1":6,"2":4,"3":6,"4":4,"5":3,"6":3,"7":5,"8":15,"9":5,"10":6,"11":0,"12":0,"13":5},"b":{"0":[6,2],"1":[8,6],"2":[6,0],"3":[6,6],"4":[2,1],"5":[2,0],"6":[2,4],"7":[5,1],"8":[1,4],"9":[5,1],"10":[1,5],"11":[0,0],"12":[0,5]},"meta":{"lastBranch":13,"lastFunction":14,"lastStatement":60,"seen":{"f:5:9:5:24":0,"s:6:67:6:Infinity":0,"s:8:4:8:Infinity":1,"s:11:2:25:Infinity":2,"s:12:19:12:Infinity":3,"s:13:18:13:Infinity":4,"s:14:22:14:Infinity":5,"b:15:4:24:Infinity:undefined:undefined:undefined:undefined":0,"s:15:4:24:Infinity":6,"b:15:8:15:19:15:19:15:30":1,"s:16:23:16:Infinity":7,"b:17:6:23:Infinity:undefined:undefined:undefined:undefined":2,"s:17:6:23:Infinity":8,"s:18:8:22:Infinity":9,"s:26:2:26:Infinity":10,"f:29:9:29:28":1,"s:30:14:30:Infinity":11,"s:31:22:31:Infinity":12,"b:31:22:31:80:31:80:31:Infinity":3,"s:32:19:32:Infinity":13,"s:33:21:33:Infinity":14,"s:35:23:35:Infinity":15,"f:35:29:35:38":2,"s:35:44:35:75":16,"s:37:2:49:Infinity":17,"b:38:4:48:Infinity:undefined:undefined:undefined:undefined":4,"s:38:4:48:Infinity":18,"b:39:6:47:Infinity:undefined:undefined:undefined:undefined":5,"s:39:6:47:Infinity":19,"s:40:8:40:Infinity":20,"s:41:8:44:Infinity":21,"s:45:8:45:Infinity":22,"s:46:8:46:Infinity":23,"b:51:2:53:Infinity:undefined:undefined:undefined:undefined":6,"s:51:2:53:Infinity":24,"s:52:4:52:Infinity":25,"f:56:9:56:30":3,"s:57:14:57:Infinity":26,"s:58:15:62:Infinity":27,"f:59:5:59:14":4,"s:59:20:59:51":28,"f:60:5:60:10":5,"s:60:16:60:33":29,"f:61:5:61:13":6,"s:61:19:61:26":30,"b:64:2:64:Infinity:undefined:undefined:undefined:undefined":7,"s:64:2:64:Infinity":31,"s:64:13:64:Infinity":32,"s:67:16:67:Infinity":33,"s:68:2:68:Infinity":34,"f:71:16:71:31":7,"s:72:8:72:Infinity":35,"f:72:16:72:29":8,"s:72:39:72:50":36,"s:73:8:73:Infinity":37,"s:75:2:107:Infinity":38,"f:75:2:75:18":9,"b:76:4:78:Infinity:undefined:undefined:undefined:undefined":8,"s:76:4:78:Infinity":39,"b:76:8:76:49:76:49:76:87":9,"s:77:6:77:Infinity":40,"s:80:10:84:Infinity":41,"f:80:10:80:35":10,"s:81:6:81:Infinity":42,"b:82:6:82:Infinity:undefined:undefined:undefined:undefined":10,"s:82:6:82:Infinity":43,"s:82:28:82:Infinity":44,"s:83:6:83:Infinity":45,"s:86:4:86:Infinity":46,"s:88:10:93:Infinity":47,"f:88:10:88:28":11,"b:89:6:92:Infinity:undefined:undefined:undefined:undefined":11,"s:89:6:92:Infinity":48,"s:90:8:90:Infinity":49,"s:91:8:91:Infinity":50,"s:95:10:97:Infinity":51,"f:95:10:95:27":12,"s:96:6:96:Infinity":52,"s:99:31:99:Infinity":53,"s:100:30:100:Infinity":54,"s:102:4:106:Infinity":55,"f:102:4:102:17":13,"b:103:6:103:Infinity:undefined:undefined:undefined:undefined":12,"s:103:6:103:Infinity":56,"s:103:28:103:Infinity":57,"s:104:6:104:Infinity":58,"s:105:6:105:Infinity":59},"fnNames":{}}}
,"/Users/aditya/Projects/PaperCache/src/hooks/useVariables.ts": {"path":"/Users/aditya/Projects/PaperCache/src/hooks/useVariables.ts","statementMap":{"0":{"start":{"line":6,"column":8},"end":{"line":6,"column":null}},"1":{"start":{"line":6,"column":39},"end":{"line":6,"column":50}},"2":{"start":{"line":9,"column":2},"end":{"line":39,"column":null}},"3":{"start":{"line":10,"column":16},"end":{"line":10,"column":null}},"4":{"start":{"line":12,"column":47},"end":{"line":12,"column":null}},"5":{"start":{"line":13,"column":20},"end":{"line":13,"column":null}},"6":{"start":{"line":15,"column":76},"end":{"line":15,"column":null}},"7":{"start":{"line":17,"column":6},"end":{"line":30,"column":null}},"8":{"start":{"line":19,"column":8},"end":{"line":29,"column":null}},"9":{"start":{"line":20,"column":23},"end":{"line":20,"column":null}},"10":{"start":{"line":21,"column":10},"end":{"line":28,"column":null}},"11":{"start":{"line":22,"column":12},"end":{"line":24,"column":null}},"12":{"start":{"line":23,"column":14},"end":{"line":23,"column":null}},"13":{"start":{"line":25,"column":12},"end":{"line":25,"column":null}},"14":{"start":{"line":27,"column":12},"end":{"line":27,"column":null}},"15":{"start":{"line":31,"column":6},"end":{"line":31,"column":null}},"16":{"start":{"line":31,"column":17},"end":{"line":31,"column":null}},"17":{"start":{"line":32,"column":7},"end":{"line":33,"column":null}},"18":{"start":{"line":35,"column":4},"end":{"line":35,"column":null}},"19":{"start":{"line":36,"column":4},"end":{"line":38,"column":null}},"20":{"start":{"line":37,"column":6},"end":{"line":37,"column":null}}},"fnMap":{"0":{"name":"useVariables","decl":{"start":{"line":5,"column":16},"end":{"line":5,"column":31}},"loc":{"start":{"line":5,"column":31},"end":{"line":40,"column":null}},"line":5},"1":{"name":"(anonymous_1)","decl":{"start":{"line":6,"column":16},"end":{"line":6,"column":29}},"loc":{"start":{"line":6,"column":39},"end":{"line":6,"column":50}},"line":6},"2":{"name":"(anonymous_2)","decl":{"start":{"line":9,"column":2},"end":{"line":9,"column":18}},"loc":{"start":{"line":9,"column":18},"end":{"line":39,"column":5}},"line":9},"3":{"name":"syncVars","decl":{"start":{"line":11,"column":19},"end":{"line":11,"column":30}},"loc":{"start":{"line":11,"column":30},"end":{"line":34,"column":null}},"line":11},"4":{"name":"(anonymous_4)","decl":{"start":{"line":36,"column":4},"end":{"line":36,"column":17}},"loc":{"start":{"line":36,"column":17},"end":{"line":38,"column":null}},"line":36}},"branchMap":{"0":{"loc":{"start":{"line":22,"column":12},"end":{"line":24,"column":null}},"type":"if","locations":[{"start":{"line":22,"column":12},"end":{"line":24,"column":null}},{"start":{},"end":{}}],"line":22},"1":{"loc":{"start":{"line":31,"column":6},"end":{"line":31,"column":null}},"type":"if","locations":[{"start":{"line":31,"column":6},"end":{"line":31,"column":null}},{"start":{},"end":{}}],"line":31}},"s":{"0":4,"1":12,"2":4,"3":4,"4":4,"5":4,"6":4,"7":4,"8":5,"9":7,"10":7,"11":7,"12":4,"13":7,"14":1,"15":4,"16":0,"17":4,"18":4,"19":4,"20":4},"f":{"0":4,"1":12,"2":4,"3":4,"4":4},"b":{"0":[4,3],"1":[0,4]},"meta":{"lastBranch":2,"lastFunction":5,"lastStatement":21,"seen":{"f:5:16:5:31":0,"s:6:8:6:Infinity":0,"f:6:16:6:29":1,"s:6:39:6:50":1,"s:9:2:39:Infinity":2,"f:9:2:9:18":2,"s:10:16:10:Infinity":3,"f:11:19:11:30":3,"s:12:47:12:Infinity":4,"s:13:20:13:Infinity":5,"s:15:76:15:Infinity":6,"s:17:6:30:Infinity":7,"s:19:8:29:Infinity":8,"s:20:23:20:Infinity":9,"s:21:10:28:Infinity":10,"b:22:12:24:Infinity:undefined:undefined:undefined:undefined":0,"s:22:12:24:Infinity":11,"s:23:14:23:Infinity":12,"s:25:12:25:Infinity":13,"s:27:12:27:Infinity":14,"b:31:6:31:Infinity:undefined:undefined:undefined:undefined":1,"s:31:6:31:Infinity":15,"s:31:17:31:Infinity":16,"s:32:7:33:Infinity":17,"s:35:4:35:Infinity":18,"s:36:4:38:Infinity":19,"f:36:4:36:17":4,"s:37:6:37:Infinity":20},"fnNames":{}}}
,"/Users/aditya/Projects/PaperCache/src/lib/safeStorage.ts": {"path":"/Users/aditya/Projects/PaperCache/src/lib/safeStorage.ts","statementMap":{"0":{"start":{"line":2,"column":20},"end":{"line":2,"column":null}},"1":{"start":{"line":3,"column":2},"end":{"line":3,"column":null}},"2":{"start":{"line":7,"column":20},"end":{"line":7,"column":null}},"3":{"start":{"line":8,"column":2},"end":{"line":8,"column":null}},"4":{"start":{"line":8,"column":18},"end":{"line":8,"column":null}},"5":{"start":{"line":9,"column":2},"end":{"line":9,"column":null}},"6":{"start":{"line":13,"column":16},"end":{"line":13,"column":null}},"7":{"start":{"line":14,"column":2},"end":{"line":17,"column":null}},"8":{"start":{"line":15,"column":4},"end":{"line":15,"column":null}},"9":{"start":{"line":16,"column":4},"end":{"line":16,"column":null}}},"fnMap":{"0":{"name":"setSecure","decl":{"start":{"line":1,"column":22},"end":{"line":1,"column":32}},"loc":{"start":{"line":1,"column":75},"end":{"line":4,"column":null}},"line":1},"1":{"name":"getSecure","decl":{"start":{"line":6,"column":22},"end":{"line":6,"column":32}},"loc":{"start":{"line":6,"column":69},"end":{"line":10,"column":null}},"line":6},"2":{"name":"migrateApiKeyFromLocalStorage","decl":{"start":{"line":12,"column":22},"end":{"line":12,"column":52}},"loc":{"start":{"line":12,"column":65},"end":{"line":18,"column":null}},"line":12}},"branchMap":{"0":{"loc":{"start":{"line":8,"column":2},"end":{"line":8,"column":null}},"type":"if","locations":[{"start":{"line":8,"column":2},"end":{"line":8,"column":null}},{"start":{},"end":{}}],"line":8},"1":{"loc":{"start":{"line":14,"column":2},"end":{"line":17,"column":null}},"type":"if","locations":[{"start":{"line":14,"column":2},"end":{"line":17,"column":null}},{"start":{},"end":{}}],"line":14}},"s":{"0":1,"1":1,"2":2,"3":2,"4":1,"5":1,"6":0,"7":0,"8":0,"9":0},"f":{"0":1,"1":2,"2":0},"b":{"0":[1,1],"1":[0,0]},"meta":{"lastBranch":2,"lastFunction":3,"lastStatement":10,"seen":{"f:1:22:1:32":0,"s:2:20:2:Infinity":0,"s:3:2:3:Infinity":1,"f:6:22:6:32":1,"s:7:20:7:Infinity":2,"b:8:2:8:Infinity:undefined:undefined:undefined:undefined":0,"s:8:2:8:Infinity":3,"s:8:18:8:Infinity":4,"s:9:2:9:Infinity":5,"f:12:22:12:52":2,"s:13:16:13:Infinity":6,"b:14:2:17:Infinity:undefined:undefined:undefined:undefined":1,"s:14:2:17:Infinity":7,"s:15:4:15:Infinity":8,"s:16:4:16:Infinity":9},"fnNames":{}}}
,"/Users/aditya/Projects/PaperCache/src/lib/settingsKeys.ts": {"path":"/Users/aditya/Projects/PaperCache/src/lib/settingsKeys.ts","statementMap":{"0":{"start":{"line":1,"column":29},"end":{"line":20,"column":null}}},"fnMap":{},"branchMap":{},"s":{"0":2},"f":{},"b":{},"meta":{"lastBranch":0,"lastFunction":0,"lastStatement":1,"seen":{"s:1:29:20:Infinity":0},"fnNames":{}}}
,"/Users/aditya/Projects/PaperCache/src/lib/editor/MathEvaluator.ts": {"path":"/Users/aditya/Projects/PaperCache/src/lib/editor/MathEvaluator.ts","statementMap":{"0":{"start":{"line":5,"column":38},"end":{"line":5,"column":null}},"1":{"start":{"line":12,"column":4},"end":{"line":16,"column":null}},"2":{"start":{"line":13,"column":6},"end":{"line":13,"column":null}},"3":{"start":{"line":15,"column":6},"end":{"line":15,"column":null}},"4":{"start":{"line":17,"column":68},"end":{"line":17,"column":null}},"5":{"start":{"line":20,"column":18},"end":{"line":20,"column":null}},"6":{"start":{"line":21,"column":17},"end":{"line":21,"column":null}},"7":{"start":{"line":22,"column":4},"end":{"line":41,"column":null}},"8":{"start":{"line":22,"column":17},"end":{"line":22,"column":20}},"9":{"start":{"line":23,"column":19},"end":{"line":23,"column":null}},"10":{"start":{"line":24,"column":22},"end":{"line":24,"column":null}},"11":{"start":{"line":26,"column":6},"end":{"line":38,"column":null}},"12":{"start":{"line":27,"column":21},"end":{"line":27,"column":null}},"13":{"start":{"line":28,"column":8},"end":{"line":37,"column":null}},"14":{"start":{"line":29,"column":10},"end":{"line":36,"column":null}},"15":{"start":{"line":30,"column":27},"end":{"line":30,"column":null}},"16":{"start":{"line":31,"column":12},"end":{"line":35,"column":null}},"17":{"start":{"line":40,"column":6},"end":{"line":40,"column":null}},"18":{"start":{"line":44,"column":19},"end":{"line":44,"column":null}},"19":{"start":{"line":46,"column":4},"end":{"line":66,"column":null}},"20":{"start":{"line":47,"column":23},"end":{"line":47,"column":null}},"21":{"start":{"line":48,"column":24},"end":{"line":48,"column":null}},"22":{"start":{"line":49,"column":19},"end":{"line":49,"column":null}},"23":{"start":{"line":50,"column":6},"end":{"line":65,"column":null}},"24":{"start":{"line":51,"column":8},"end":{"line":64,"column":null}},"25":{"start":{"line":52,"column":28},"end":{"line":52,"column":null}},"26":{"start":{"line":53,"column":10},"end":{"line":63,"column":null}},"27":{"start":{"line":54,"column":33},"end":{"line":54,"column":null}},"28":{"start":{"line":55,"column":31},"end":{"line":55,"column":null}},"29":{"start":{"line":56,"column":12},"end":{"line":62,"column":null}},"30":{"start":{"line":56,"column":37},"end":{"line":56,"column":81}},"31":{"start":{"line":57,"column":14},"end":{"line":61,"column":null}},"32":{"start":{"line":68,"column":4},"end":{"line":68,"column":null}},"33":{"start":{"line":72,"column":4},"end":{"line":72,"column":null}},"34":{"start":{"line":72,"column":26},"end":{"line":72,"column":null}},"35":{"start":{"line":73,"column":4},"end":{"line":81,"column":null}},"36":{"start":{"line":74,"column":21},"end":{"line":74,"column":null}},"37":{"start":{"line":75,"column":20},"end":{"line":75,"column":null}},"38":{"start":{"line":76,"column":22},"end":{"line":76,"column":null}},"39":{"start":{"line":78,"column":6},"end":{"line":80,"column":null}},"40":{"start":{"line":79,"column":8},"end":{"line":79,"column":null}}},"fnMap":{"0":{"name":"evaluateMathChanges","decl":{"start":{"line":7,"column":15},"end":{"line":7,"column":null}},"loc":{"start":{"line":10,"column":61},"end":{"line":69,"column":null}},"line":10},"1":{"name":"(anonymous_1)","decl":{"start":{"line":56,"column":25},"end":{"line":56,"column":31}},"loc":{"start":{"line":56,"column":37},"end":{"line":56,"column":81}},"line":56},"2":{"name":"triggerMathEvaluation","decl":{"start":{"line":71,"column":9},"end":{"line":71,"column":31}},"loc":{"start":{"line":71,"column":49},"end":{"line":82,"column":null}},"line":71},"3":{"name":"(anonymous_3)","decl":{"start":{"line":73,"column":41},"end":{"line":73,"column":53}},"loc":{"start":{"line":73,"column":53},"end":{"line":81,"column":7}},"line":73}},"branchMap":{"0":{"loc":{"start":{"line":26,"column":6},"end":{"line":38,"column":null}},"type":"if","locations":[{"start":{"line":26,"column":6},"end":{"line":38,"column":null}},{"start":{},"end":{}}],"line":26},"1":{"loc":{"start":{"line":26,"column":10},"end":{"line":26,"column":65}},"type":"binary-expr","locations":[{"start":{"line":26,"column":10},"end":{"line":26,"column":38}},{"start":{"line":26,"column":38},"end":{"line":26,"column":65}}],"line":26},"2":{"loc":{"start":{"line":28,"column":8},"end":{"line":37,"column":null}},"type":"if","locations":[{"start":{"line":28,"column":8},"end":{"line":37,"column":null}},{"start":{},"end":{}}],"line":28},"3":{"loc":{"start":{"line":28,"column":12},"end":{"line":28,"column":78}},"type":"binary-expr","locations":[{"start":{"line":28,"column":12},"end":{"line":28,"column":20}},{"start":{"line":28,"column":20},"end":{"line":28,"column":48}},{"start":{"line":28,"column":48},"end":{"line":28,"column":78}}],"line":28},"4":{"loc":{"start":{"line":50,"column":6},"end":{"line":65,"column":null}},"type":"if","locations":[{"start":{"line":50,"column":6},"end":{"line":65,"column":null}},{"start":{},"end":{}}],"line":50},"5":{"loc":{"start":{"line":53,"column":10},"end":{"line":63,"column":null}},"type":"if","locations":[{"start":{"line":53,"column":10},"end":{"line":63,"column":null}},{"start":{},"end":{}}],"line":53},"6":{"loc":{"start":{"line":56,"column":12},"end":{"line":62,"column":null}},"type":"if","locations":[{"start":{"line":56,"column":12},"end":{"line":62,"column":null}},{"start":{},"end":{}}],"line":56},"7":{"loc":{"start":{"line":56,"column":37},"end":{"line":56,"column":81}},"type":"binary-expr","locations":[{"start":{"line":56,"column":37},"end":{"line":56,"column":61}},{"start":{"line":56,"column":61},"end":{"line":56,"column":81}}],"line":56},"8":{"loc":{"start":{"line":72,"column":4},"end":{"line":72,"column":null}},"type":"if","locations":[{"start":{"line":72,"column":4},"end":{"line":72,"column":null}},{"start":{},"end":{}}],"line":72},"9":{"loc":{"start":{"line":78,"column":6},"end":{"line":80,"column":null}},"type":"if","locations":[{"start":{"line":78,"column":6},"end":{"line":80,"column":null}},{"start":{},"end":{}}],"line":78}},"s":{"0":1,"1":5,"2":5,"3":0,"4":5,"5":5,"6":5,"7":5,"8":5,"9":9,"10":9,"11":9,"12":3,"13":3,"14":3,"15":3,"16":3,"17":9,"18":5,"19":5,"20":1,"21":1,"22":1,"23":1,"24":1,"25":1,"26":1,"27":1,"28":1,"29":1,"30":0,"31":1,"32":5,"33":0,"34":0,"35":0,"36":0,"37":0,"38":0,"39":0,"40":0},"f":{"0":1,"1":0,"2":1,"3":0},"b":{"0":[3,6],"1":[9,8],"2":[3,0],"3":[3,3,3],"4":[1,0],"5":[1,0],"6":[1,0],"7":[0,0],"8":[0,0],"9":[0,0]},"meta":{"lastBranch":10,"lastFunction":4,"lastStatement":41,"seen":{"s:5:38:5:Infinity":0,"f:7:15:7:Infinity":0,"s:12:4:16:Infinity":1,"s:13:6:13:Infinity":2,"s:15:6:15:Infinity":3,"s:17:68:17:Infinity":4,"s:20:18:20:Infinity":5,"s:21:17:21:Infinity":6,"s:22:4:41:Infinity":7,"s:22:17:22:20":8,"s:23:19:23:Infinity":9,"s:24:22:24:Infinity":10,"b:26:6:38:Infinity:undefined:undefined:undefined:undefined":0,"s:26:6:38:Infinity":11,"b:26:10:26:38:26:38:26:65":1,"s:27:21:27:Infinity":12,"b:28:8:37:Infinity:undefined:undefined:undefined:undefined":2,"s:28:8:37:Infinity":13,"b:28:12:28:20:28:20:28:48:28:48:28:78":3,"s:29:10:36:Infinity":14,"s:30:27:30:Infinity":15,"s:31:12:35:Infinity":16,"s:40:6:40:Infinity":17,"s:44:19:44:Infinity":18,"s:46:4:66:Infinity":19,"s:47:23:47:Infinity":20,"s:48:24:48:Infinity":21,"s:49:19:49:Infinity":22,"b:50:6:65:Infinity:undefined:undefined:undefined:undefined":4,"s:50:6:65:Infinity":23,"s:51:8:64:Infinity":24,"s:52:28:52:Infinity":25,"b:53:10:63:Infinity:undefined:undefined:undefined:undefined":5,"s:53:10:63:Infinity":26,"s:54:33:54:Infinity":27,"s:55:31:55:Infinity":28,"b:56:12:62:Infinity:undefined:undefined:undefined:undefined":6,"s:56:12:62:Infinity":29,"f:56:25:56:31":1,"s:56:37:56:81":30,"b:56:37:56:61:56:61:56:81":7,"s:57:14:61:Infinity":31,"s:68:4:68:Infinity":32,"f:71:9:71:31":2,"b:72:4:72:Infinity:undefined:undefined:undefined:undefined":8,"s:72:4:72:Infinity":33,"s:72:26:72:Infinity":34,"s:73:4:81:Infinity":35,"f:73:41:73:53":3,"s:74:21:74:Infinity":36,"s:75:20:75:Infinity":37,"s:76:22:76:Infinity":38,"b:78:6:80:Infinity:undefined:undefined:undefined:undefined":9,"s:78:6:80:Infinity":39,"s:79:8:79:Infinity":40},"fnNames":{}}}
,"/Users/aditya/Projects/PaperCache/src/lib/editor/VariableScope.ts": {"path":"/Users/aditya/Projects/PaperCache/src/lib/editor/VariableScope.ts","statementMap":{"0":{"start":{"line":4,"column":34},"end":{"line":4,"column":null}},"1":{"start":{"line":7,"column":53},"end":{"line":7,"column":null}},"2":{"start":{"line":8,"column":25},"end":{"line":8,"column":null}},"3":{"start":{"line":9,"column":43},"end":{"line":9,"column":null}},"4":{"start":{"line":10,"column":24},"end":{"line":10,"column":null}},"5":{"start":{"line":13,"column":4},"end":{"line":13,"column":null}},"6":{"start":{"line":13,"column":39},"end":{"line":13,"column":null}},"7":{"start":{"line":14,"column":4},"end":{"line":14,"column":null}},"8":{"start":{"line":15,"column":4},"end":{"line":15,"column":null}},"9":{"start":{"line":15,"column":31},"end":{"line":15,"column":null}},"10":{"start":{"line":16,"column":4},"end":{"line":16,"column":null}},"11":{"start":{"line":17,"column":27},"end":{"line":17,"column":null}},"12":{"start":{"line":18,"column":4},"end":{"line":56,"column":null}},"13":{"start":{"line":20,"column":6},"end":{"line":24,"column":null}},"14":{"start":{"line":21,"column":8},"end":{"line":21,"column":null}},"15":{"start":{"line":23,"column":8},"end":{"line":23,"column":null}},"16":{"start":{"line":26,"column":48},"end":{"line":26,"column":null}},"17":{"start":{"line":27,"column":20},"end":{"line":27,"column":null}},"18":{"start":{"line":29,"column":20},"end":{"line":29,"column":null}},"19":{"start":{"line":32,"column":9},"end":{"line":33,"column":null}},"20":{"start":{"line":35,"column":6},"end":{"line":46,"column":null}},"21":{"start":{"line":36,"column":21},"end":{"line":36,"column":null}},"22":{"start":{"line":37,"column":8},"end":{"line":42,"column":null}},"23":{"start":{"line":38,"column":22},"end":{"line":38,"column":null}},"24":{"start":{"line":39,"column":10},"end":{"line":39,"column":null}},"25":{"start":{"line":41,"column":10},"end":{"line":41,"column":null}},"26":{"start":{"line":43,"column":8},"end":{"line":45,"column":null}},"27":{"start":{"line":44,"column":10},"end":{"line":44,"column":null}},"28":{"start":{"line":48,"column":6},"end":{"line":48,"column":null}},"29":{"start":{"line":48,"column":48},"end":{"line":48,"column":null}},"30":{"start":{"line":49,"column":6},"end":{"line":55,"column":null}},"31":{"start":{"line":50,"column":8},"end":{"line":50,"column":null}},"32":{"start":{"line":51,"column":8},"end":{"line":54,"column":null}},"33":{"start":{"line":52,"column":10},"end":{"line":52,"column":null}},"34":{"start":{"line":53,"column":10},"end":{"line":53,"column":null}},"35":{"start":{"line":53,"column":64},"end":{"line":53,"column":null}},"36":{"start":{"line":61,"column":7},"end":{"line":61,"column":null}},"37":{"start":{"line":62,"column":4},"end":{"line":62,"column":null}}},"fnMap":{"0":{"name":"triggerScopeUpdate","decl":{"start":{"line":12,"column":9},"end":{"line":12,"column":28}},"loc":{"start":{"line":12,"column":69},"end":{"line":57,"column":null}},"line":12},"1":{"name":"(anonymous_1)","decl":{"start":{"line":18,"column":46},"end":{"line":18,"column":58}},"loc":{"start":{"line":18,"column":58},"end":{"line":56,"column":7}},"line":18},"2":{"name":"(anonymous_2)","decl":{"start":{"line":53,"column":50},"end":{"line":53,"column":64}},"loc":{"start":{"line":53,"column":64},"end":{"line":53,"column":null}},"line":53},"3":{"name":"getScope","decl":{"start":{"line":59,"column":9},"end":{"line":59,"column":45}},"loc":{"start":{"line":59,"column":45},"end":{"line":63,"column":null}},"line":59}},"branchMap":{"0":{"loc":{"start":{"line":13,"column":4},"end":{"line":13,"column":null}},"type":"if","locations":[{"start":{"line":13,"column":4},"end":{"line":13,"column":null}},{"start":{},"end":{}}],"line":13},"1":{"loc":{"start":{"line":15,"column":4},"end":{"line":15,"column":null}},"type":"if","locations":[{"start":{"line":15,"column":4},"end":{"line":15,"column":null}},{"start":{},"end":{}}],"line":15},"2":{"loc":{"start":{"line":32,"column":9},"end":{"line":33,"column":null}},"type":"binary-expr","locations":[{"start":{"line":32,"column":9},"end":{"line":32,"column":null}},{"start":{"line":33,"column":8},"end":{"line":33,"column":null}}],"line":32},"3":{"loc":{"start":{"line":43,"column":8},"end":{"line":45,"column":null}},"type":"if","locations":[{"start":{"line":43,"column":8},"end":{"line":45,"column":null}},{"start":{},"end":{}}],"line":43},"4":{"loc":{"start":{"line":48,"column":6},"end":{"line":48,"column":null}},"type":"if","locations":[{"start":{"line":48,"column":6},"end":{"line":48,"column":null}},{"start":{},"end":{}}],"line":48},"5":{"loc":{"start":{"line":49,"column":6},"end":{"line":55,"column":null}},"type":"if","locations":[{"start":{"line":49,"column":6},"end":{"line":55,"column":null}},{"start":{},"end":{}}],"line":49},"6":{"loc":{"start":{"line":49,"column":10},"end":{"line":49,"column":97}},"type":"binary-expr","locations":[{"start":{"line":49,"column":10},"end":{"line":49,"column":21}},{"start":{"line":49,"column":21},"end":{"line":49,"column":97}}],"line":49},"7":{"loc":{"start":{"line":51,"column":8},"end":{"line":54,"column":null}},"type":"if","locations":[{"start":{"line":51,"column":8},"end":{"line":54,"column":null}},{"start":{},"end":{}}],"line":51},"8":{"loc":{"start":{"line":61,"column":7},"end":{"line":61,"column":null}},"type":"binary-expr","locations":[{"start":{"line":61,"column":7},"end":{"line":61,"column":97}},{"start":{"line":61,"column":97},"end":{"line":61,"column":null}}],"line":61}},"s":{"0":1,"1":1,"2":1,"3":1,"4":1,"5":0,"6":0,"7":0,"8":0,"9":0,"10":0,"11":0,"12":0,"13":0,"14":0,"15":0,"16":0,"17":0,"18":0,"19":0,"20":0,"21":0,"22":0,"23":0,"24":0,"25":0,"26":0,"27":0,"28":0,"29":0,"30":0,"31":0,"32":0,"33":0,"34":0,"35":0,"36":0,"37":0},"f":{"0":1,"1":0,"2":0,"3":1},"b":{"0":[0,0],"1":[0,0],"2":[0,0],"3":[0,0],"4":[0,0],"5":[0,0],"6":[0,0],"7":[0,0],"8":[0,0]},"meta":{"lastBranch":9,"lastFunction":4,"lastStatement":38,"seen":{"s:4:34:4:Infinity":0,"s:7:53:7:Infinity":1,"s:8:25:8:Infinity":2,"s:9:43:9:Infinity":3,"s:10:24:10:Infinity":4,"f:12:9:12:28":0,"b:13:4:13:Infinity:undefined:undefined:undefined:undefined":0,"s:13:4:13:Infinity":5,"s:13:39:13:Infinity":6,"s:14:4:14:Infinity":7,"b:15:4:15:Infinity:undefined:undefined:undefined:undefined":1,"s:15:4:15:Infinity":8,"s:15:31:15:Infinity":9,"s:16:4:16:Infinity":10,"s:17:27:17:Infinity":11,"s:18:4:56:Infinity":12,"f:18:46:18:58":1,"s:20:6:24:Infinity":13,"s:21:8:21:Infinity":14,"s:23:8:23:Infinity":15,"s:26:48:26:Infinity":16,"s:27:20:27:Infinity":17,"s:29:20:29:Infinity":18,"s:32:9:33:Infinity":19,"b:32:9:32:Infinity:33:8:33:Infinity":2,"s:35:6:46:Infinity":20,"s:36:21:36:Infinity":21,"s:37:8:42:Infinity":22,"s:38:22:38:Infinity":23,"s:39:10:39:Infinity":24,"s:41:10:41:Infinity":25,"b:43:8:45:Infinity:undefined:undefined:undefined:undefined":3,"s:43:8:45:Infinity":26,"s:44:10:44:Infinity":27,"b:48:6:48:Infinity:undefined:undefined:undefined:undefined":4,"s:48:6:48:Infinity":28,"s:48:48:48:Infinity":29,"b:49:6:55:Infinity:undefined:undefined:undefined:undefined":5,"s:49:6:55:Infinity":30,"b:49:10:49:21:49:21:49:97":6,"s:50:8:50:Infinity":31,"b:51:8:54:Infinity:undefined:undefined:undefined:undefined":7,"s:51:8:54:Infinity":32,"s:52:10:52:Infinity":33,"s:53:10:53:Infinity":34,"f:53:50:53:64":2,"s:53:64:53:Infinity":35,"f:59:9:59:45":3,"s:61:7:61:Infinity":36,"b:61:7:61:97:61:97:61:Infinity":8,"s:62:4:62:Infinity":37},"fnNames":{}}}
,"/Users/aditya/Projects/PaperCache/src/lib/editor/widgets.ts": {"path":"/Users/aditya/Projects/PaperCache/src/lib/editor/widgets.ts","statementMap":{"0":{"start":{"line":7,"column":4},"end":{"line":7,"column":null}},"1":{"start":{"line":8,"column":4},"end":{"line":8,"column":null}},"2":{"start":{"line":9,"column":4},"end":{"line":9,"column":null}},"3":{"start":{"line":13,"column":4},"end":{"line":13,"column":null}},"4":{"start":{"line":17,"column":17},"end":{"line":17,"column":null}},"5":{"start":{"line":18,"column":4},"end":{"line":18,"column":null}},"6":{"start":{"line":19,"column":4},"end":{"line":19,"column":null}},"7":{"start":{"line":20,"column":4},"end":{"line":20,"column":null}},"8":{"start":{"line":22,"column":4},"end":{"line":27,"column":null}},"9":{"start":{"line":23,"column":23},"end":{"line":23,"column":null}},"10":{"start":{"line":24,"column":6},"end":{"line":24,"column":null}},"11":{"start":{"line":25,"column":6},"end":{"line":25,"column":null}},"12":{"start":{"line":26,"column":6},"end":{"line":26,"column":null}},"13":{"start":{"line":29,"column":21},"end":{"line":29,"column":null}},"14":{"start":{"line":31,"column":4},"end":{"line":31,"column":null}},"15":{"start":{"line":32,"column":4},"end":{"line":32,"column":null}},"16":{"start":{"line":34,"column":4},"end":{"line":44,"column":null}},"17":{"start":{"line":35,"column":6},"end":{"line":35,"column":null}},"18":{"start":{"line":36,"column":6},"end":{"line":36,"column":null}},"19":{"start":{"line":37,"column":6},"end":{"line":37,"column":null}},"20":{"start":{"line":38,"column":27},"end":{"line":38,"column":null}},"21":{"start":{"line":40,"column":6},"end":{"line":40,"column":null}},"22":{"start":{"line":41,"column":6},"end":{"line":43,"column":null}},"23":{"start":{"line":42,"column":8},"end":{"line":42,"column":null}},"24":{"start":{"line":45,"column":4},"end":{"line":45,"column":null}},"25":{"start":{"line":55,"column":4},"end":{"line":55,"column":null}},"26":{"start":{"line":56,"column":4},"end":{"line":56,"column":null}},"27":{"start":{"line":57,"column":4},"end":{"line":57,"column":null}},"28":{"start":{"line":58,"column":4},"end":{"line":58,"column":null}},"29":{"start":{"line":62,"column":4},"end":{"line":62,"column":null}},"30":{"start":{"line":66,"column":17},"end":{"line":66,"column":null}},"31":{"start":{"line":67,"column":4},"end":{"line":67,"column":null}},"32":{"start":{"line":69,"column":4},"end":{"line":73,"column":null}},"33":{"start":{"line":70,"column":6},"end":{"line":70,"column":null}},"34":{"start":{"line":72,"column":6},"end":{"line":72,"column":null}},"35":{"start":{"line":75,"column":4},"end":{"line":84,"column":null}},"36":{"start":{"line":76,"column":6},"end":{"line":76,"column":null}},"37":{"start":{"line":77,"column":6},"end":{"line":77,"column":null}},"38":{"start":{"line":78,"column":19},"end":{"line":78,"column":null}},"39":{"start":{"line":79,"column":17},"end":{"line":79,"column":null}},"40":{"start":{"line":80,"column":21},"end":{"line":80,"column":null}},"41":{"start":{"line":81,"column":6},"end":{"line":83,"column":null}},"42":{"start":{"line":86,"column":4},"end":{"line":86,"column":null}},"43":{"start":{"line":93,"column":4},"end":{"line":93,"column":null}},"44":{"start":{"line":94,"column":4},"end":{"line":94,"column":null}},"45":{"start":{"line":97,"column":4},"end":{"line":97,"column":null}},"46":{"start":{"line":100,"column":17},"end":{"line":100,"column":null}},"47":{"start":{"line":101,"column":4},"end":{"line":101,"column":null}},"48":{"start":{"line":102,"column":4},"end":{"line":102,"column":null}},"49":{"start":{"line":103,"column":4},"end":{"line":103,"column":null}},"50":{"start":{"line":110,"column":4},"end":{"line":110,"column":null}},"51":{"start":{"line":111,"column":4},"end":{"line":111,"column":null}},"52":{"start":{"line":114,"column":4},"end":{"line":114,"column":null}},"53":{"start":{"line":117,"column":17},"end":{"line":117,"column":null}},"54":{"start":{"line":118,"column":4},"end":{"line":118,"column":null}},"55":{"start":{"line":119,"column":4},"end":{"line":119,"column":null}},"56":{"start":{"line":121,"column":19},"end":{"line":121,"column":null}},"57":{"start":{"line":122,"column":4},"end":{"line":122,"column":null}},"58":{"start":{"line":123,"column":4},"end":{"line":123,"column":null}},"59":{"start":{"line":124,"column":4},"end":{"line":124,"column":null}},"60":{"start":{"line":125,"column":4},"end":{"line":125,"column":null}},"61":{"start":{"line":126,"column":4},"end":{"line":126,"column":null}},"62":{"start":{"line":127,"column":4},"end":{"line":127,"column":null}},"63":{"start":{"line":128,"column":4},"end":{"line":128,"column":null}},"64":{"start":{"line":129,"column":4},"end":{"line":129,"column":null}},"65":{"start":{"line":130,"column":4},"end":{"line":130,"column":null}},"66":{"start":{"line":132,"column":4},"end":{"line":144,"column":null}},"67":{"start":{"line":133,"column":6},"end":{"line":133,"column":null}},"68":{"start":{"line":134,"column":6},"end":{"line":134,"column":null}},"69":{"start":{"line":135,"column":6},"end":{"line":135,"column":null}},"70":{"start":{"line":137,"column":6},"end":{"line":137,"column":null}},"71":{"start":{"line":138,"column":6},"end":{"line":138,"column":null}},"72":{"start":{"line":139,"column":6},"end":{"line":139,"column":null}},"73":{"start":{"line":141,"column":6},"end":{"line":143,"column":null}},"74":{"start":{"line":142,"column":8},"end":{"line":142,"column":null}},"75":{"start":{"line":146,"column":17},"end":{"line":146,"column":null}},"76":{"start":{"line":148,"column":4},"end":{"line":148,"column":null}},"77":{"start":{"line":149,"column":4},"end":{"line":149,"column":null}},"78":{"start":{"line":151,"column":4},"end":{"line":151,"column":null}},"79":{"start":{"line":162,"column":4},"end":{"line":162,"column":null}},"80":{"start":{"line":163,"column":4},"end":{"line":163,"column":null}},"81":{"start":{"line":164,"column":4},"end":{"line":164,"column":null}},"82":{"start":{"line":165,"column":4},"end":{"line":165,"column":null}},"83":{"start":{"line":166,"column":4},"end":{"line":166,"column":null}},"84":{"start":{"line":170,"column":4},"end":{"line":171,"column":null}},"85":{"start":{"line":176,"column":17},"end":{"line":176,"column":null}},"86":{"start":{"line":177,"column":4},"end":{"line":180,"column":null}},"87":{"start":{"line":182,"column":4},"end":{"line":186,"column":null}},"88":{"start":{"line":183,"column":6},"end":{"line":183,"column":null}},"89":{"start":{"line":185,"column":6},"end":{"line":185,"column":null}},"90":{"start":{"line":189,"column":4},"end":{"line":200,"column":null}},"91":{"start":{"line":190,"column":6},"end":{"line":190,"column":null}},"92":{"start":{"line":191,"column":6},"end":{"line":191,"column":null}},"93":{"start":{"line":193,"column":19},"end":{"line":193,"column":null}},"94":{"start":{"line":194,"column":17},"end":{"line":194,"column":null}},"95":{"start":{"line":195,"column":21},"end":{"line":195,"column":null}},"96":{"start":{"line":197,"column":6},"end":{"line":199,"column":null}},"97":{"start":{"line":202,"column":4},"end":{"line":202,"column":null}},"98":{"start":{"line":206,"column":4},"end":{"line":206,"column":null}},"99":{"start":{"line":212,"column":17},"end":{"line":212,"column":null}},"100":{"start":{"line":213,"column":4},"end":{"line":213,"column":null}},"101":{"start":{"line":214,"column":4},"end":{"line":214,"column":null}},"102":{"start":{"line":215,"column":4},"end":{"line":215,"column":null}}},"fnMap":{"0":{"name":"constructor","decl":{"start":{"line":6,"column":2},"end":{"line":6,"column":14}},"loc":{"start":{"line":6,"column":46},"end":{"line":10,"column":null}},"line":6},"1":{"name":"eq","decl":{"start":{"line":12,"column":2},"end":{"line":12,"column":5}},"loc":{"start":{"line":12,"column":24},"end":{"line":14,"column":null}},"line":12},"2":{"name":"toDOM","decl":{"start":{"line":16,"column":2},"end":{"line":16,"column":10}},"loc":{"start":{"line":16,"column":10},"end":{"line":46,"column":null}},"line":16},"3":{"name":"(anonymous_3)","decl":{"start":{"line":34,"column":9},"end":{"line":34,"column":20}},"loc":{"start":{"line":34,"column":26},"end":{"line":44,"column":null}},"line":34},"4":{"name":"(anonymous_4)","decl":{"start":{"line":41,"column":6},"end":{"line":41,"column":23}},"loc":{"start":{"line":41,"column":23},"end":{"line":43,"column":9}},"line":41},"5":{"name":"constructor_2","decl":{"start":{"line":54,"column":2},"end":{"line":54,"column":14}},"loc":{"start":{"line":54,"column":63},"end":{"line":59,"column":null}},"line":54},"6":{"name":"eq_2","decl":{"start":{"line":61,"column":2},"end":{"line":61,"column":5}},"loc":{"start":{"line":61,"column":28},"end":{"line":63,"column":null}},"line":61},"7":{"name":"toDOM_2","decl":{"start":{"line":65,"column":2},"end":{"line":65,"column":10}},"loc":{"start":{"line":65,"column":10},"end":{"line":87,"column":null}},"line":65},"8":{"name":"(anonymous_8)","decl":{"start":{"line":75,"column":9},"end":{"line":75,"column":20}},"loc":{"start":{"line":75,"column":26},"end":{"line":84,"column":null}},"line":75},"9":{"name":"constructor_3","decl":{"start":{"line":92,"column":2},"end":{"line":92,"column":14}},"loc":{"start":{"line":92,"column":29},"end":{"line":95,"column":null}},"line":92},"10":{"name":"eq_3","decl":{"start":{"line":96,"column":2},"end":{"line":96,"column":5}},"loc":{"start":{"line":96,"column":28},"end":{"line":98,"column":null}},"line":96},"11":{"name":"toDOM_3","decl":{"start":{"line":99,"column":2},"end":{"line":99,"column":10}},"loc":{"start":{"line":99,"column":10},"end":{"line":104,"column":null}},"line":99},"12":{"name":"constructor_4","decl":{"start":{"line":109,"column":2},"end":{"line":109,"column":14}},"loc":{"start":{"line":109,"column":29},"end":{"line":112,"column":null}},"line":109},"13":{"name":"eq_4","decl":{"start":{"line":113,"column":2},"end":{"line":113,"column":5}},"loc":{"start":{"line":113,"column":25},"end":{"line":115,"column":null}},"line":113},"14":{"name":"toDOM_4","decl":{"start":{"line":116,"column":2},"end":{"line":116,"column":10}},"loc":{"start":{"line":116,"column":10},"end":{"line":152,"column":null}},"line":116},"15":{"name":"(anonymous_15)","decl":{"start":{"line":132,"column":11},"end":{"line":132,"column":22}},"loc":{"start":{"line":132,"column":28},"end":{"line":144,"column":null}},"line":132},"16":{"name":"(anonymous_16)","decl":{"start":{"line":141,"column":6},"end":{"line":141,"column":23}},"loc":{"start":{"line":141,"column":23},"end":{"line":143,"column":9}},"line":141},"17":{"name":"constructor_5","decl":{"start":{"line":161,"column":2},"end":{"line":161,"column":14}},"loc":{"start":{"line":161,"column":81},"end":{"line":167,"column":null}},"line":161},"18":{"name":"eq_5","decl":{"start":{"line":169,"column":2},"end":{"line":169,"column":5}},"loc":{"start":{"line":169,"column":28},"end":{"line":173,"column":null}},"line":169},"19":{"name":"toDOM_5","decl":{"start":{"line":175,"column":2},"end":{"line":175,"column":10}},"loc":{"start":{"line":175,"column":10},"end":{"line":203,"column":null}},"line":175},"20":{"name":"(anonymous_20)","decl":{"start":{"line":189,"column":9},"end":{"line":189,"column":24}},"loc":{"start":{"line":189,"column":30},"end":{"line":200,"column":null}},"line":189},"21":{"name":"ignoreEvent","decl":{"start":{"line":205,"column":2},"end":{"line":205,"column":16}},"loc":{"start":{"line":205,"column":16},"end":{"line":207,"column":null}},"line":205},"22":{"name":"toDOM_6","decl":{"start":{"line":211,"column":2},"end":{"line":211,"column":10}},"loc":{"start":{"line":211,"column":10},"end":{"line":216,"column":null}},"line":211}},"branchMap":{"0":{"loc":{"start":{"line":13,"column":11},"end":{"line":13,"column":null}},"type":"binary-expr","locations":[{"start":{"line":13,"column":11},"end":{"line":13,"column":39}},{"start":{"line":13,"column":39},"end":{"line":13,"column":null}}],"line":13},"1":{"loc":{"start":{"line":22,"column":4},"end":{"line":27,"column":null}},"type":"if","locations":[{"start":{"line":22,"column":4},"end":{"line":27,"column":null}},{"start":{},"end":{}}],"line":22},"2":{"loc":{"start":{"line":62,"column":11},"end":{"line":62,"column":null}},"type":"binary-expr","locations":[{"start":{"line":62,"column":11},"end":{"line":62,"column":45}},{"start":{"line":62,"column":45},"end":{"line":62,"column":null}}],"line":62},"3":{"loc":{"start":{"line":67,"column":45},"end":{"line":67,"column":null}},"type":"cond-expr","locations":[{"start":{"line":67,"column":60},"end":{"line":67,"column":85}},{"start":{"line":67,"column":85},"end":{"line":67,"column":null}}],"line":67},"4":{"loc":{"start":{"line":69,"column":4},"end":{"line":73,"column":null}},"type":"if","locations":[{"start":{"line":69,"column":4},"end":{"line":73,"column":null}},{"start":{"line":71,"column":11},"end":{"line":73,"column":null}}],"line":69},"5":{"loc":{"start":{"line":79,"column":29},"end":{"line":79,"column":null}},"type":"cond-expr","locations":[{"start":{"line":79,"column":44},"end":{"line":79,"column":48}},{"start":{"line":79,"column":48},"end":{"line":79,"column":null}}],"line":79},"6":{"loc":{"start":{"line":80,"column":21},"end":{"line":80,"column":null}},"type":"cond-expr","locations":[{"start":{"line":80,"column":36},"end":{"line":80,"column":47}},{"start":{"line":80,"column":47},"end":{"line":80,"column":null}}],"line":80},"7":{"loc":{"start":{"line":171,"column":6},"end":{"line":171,"column":null}},"type":"binary-expr","locations":[{"start":{"line":171,"column":6},"end":{"line":171,"column":40}},{"start":{"line":171,"column":40},"end":{"line":171,"column":66}},{"start":{"line":171,"column":66},"end":{"line":171,"column":null}}],"line":171},"8":{"loc":{"start":{"line":179,"column":7},"end":{"line":179,"column":null}},"type":"cond-expr","locations":[{"start":{"line":179,"column":22},"end":{"line":179,"column":42}},{"start":{"line":179,"column":42},"end":{"line":179,"column":null}}],"line":179},"9":{"loc":{"start":{"line":180,"column":7},"end":{"line":180,"column":null}},"type":"cond-expr","locations":[{"start":{"line":180,"column":39},"end":{"line":180,"column":59}},{"start":{"line":180,"column":59},"end":{"line":180,"column":null}}],"line":180},"10":{"loc":{"start":{"line":180,"column":7},"end":{"line":180,"column":39}},"type":"binary-expr","locations":[{"start":{"line":180,"column":7},"end":{"line":180,"column":23}},{"start":{"line":180,"column":23},"end":{"line":180,"column":39}}],"line":180},"11":{"loc":{"start":{"line":182,"column":4},"end":{"line":186,"column":null}},"type":"if","locations":[{"start":{"line":182,"column":4},"end":{"line":186,"column":null}},{"start":{"line":184,"column":11},"end":{"line":186,"column":null}}],"line":182},"12":{"loc":{"start":{"line":194,"column":29},"end":{"line":194,"column":null}},"type":"cond-expr","locations":[{"start":{"line":194,"column":44},"end":{"line":194,"column":49}},{"start":{"line":194,"column":49},"end":{"line":194,"column":null}}],"line":194},"13":{"loc":{"start":{"line":195,"column":21},"end":{"line":195,"column":null}},"type":"cond-expr","locations":[{"start":{"line":195,"column":36},"end":{"line":195,"column":46}},{"start":{"line":195,"column":46},"end":{"line":195,"column":null}}],"line":195}},"s":{"0":4,"1":4,"2":4,"3":2,"4":1,"5":1,"6":1,"7":1,"8":1,"9":1,"10":1,"11":1,"12":1,"13":1,"14":1,"15":1,"16":1,"17":0,"18":0,"19":0,"20":0,"21":0,"22":0,"23":0,"24":1,"25":4,"26":4,"27":4,"28":4,"29":0,"30":4,"31":4,"32":4,"33":2,"34":2,"35":4,"36":2,"37":2,"38":2,"39":2,"40":2,"41":2,"42":4,"43":1,"44":1,"45":0,"46":1,"47":1,"48":1,"49":1,"50":1,"51":1,"52":0,"53":1,"54":1,"55":1,"56":1,"57":1,"58":1,"59":1,"60":1,"61":1,"62":1,"63":1,"64":1,"65":1,"66":1,"67":0,"68":0,"69":0,"70":0,"71":0,"72":0,"73":0,"74":0,"75":1,"76":1,"77":1,"78":1,"79":0,"80":0,"81":0,"82":0,"83":0,"84":0,"85":0,"86":0,"87":0,"88":0,"89":0,"90":0,"91":0,"92":0,"93":0,"94":0,"95":0,"96":0,"97":0,"98":0,"99":0,"100":0,"101":0,"102":0},"f":{"0":4,"1":2,"2":1,"3":0,"4":0,"5":4,"6":0,"7":4,"8":2,"9":1,"10":0,"11":1,"12":1,"13":0,"14":1,"15":0,"16":0,"17":0,"18":0,"19":0,"20":0,"21":0,"22":0},"b":{"0":[2,1],"1":[1,0],"2":[0,0],"3":[2,2],"4":[2,2],"5":[1,1],"6":[1,1],"7":[0,0,0],"8":[0,0],"9":[0,0],"10":[0,0],"11":[0,0],"12":[0,0],"13":[0,0]},"meta":{"lastBranch":14,"lastFunction":23,"lastStatement":103,"seen":{"f:6:2:6:14":0,"s:7:4:7:Infinity":0,"s:8:4:8:Infinity":1,"s:9:4:9:Infinity":2,"f:12:2:12:5":1,"s:13:4:13:Infinity":3,"b:13:11:13:39:13:39:13:Infinity":0,"f:16:2:16:10":2,"s:17:17:17:Infinity":4,"s:18:4:18:Infinity":5,"s:19:4:19:Infinity":6,"s:20:4:20:Infinity":7,"b:22:4:27:Infinity:undefined:undefined:undefined:undefined":1,"s:22:4:27:Infinity":8,"s:23:23:23:Infinity":9,"s:24:6:24:Infinity":10,"s:25:6:25:Infinity":11,"s:26:6:26:Infinity":12,"s:29:21:29:Infinity":13,"s:31:4:31:Infinity":14,"s:32:4:32:Infinity":15,"s:34:4:44:Infinity":16,"f:34:9:34:20":3,"s:35:6:35:Infinity":17,"s:36:6:36:Infinity":18,"s:37:6:37:Infinity":19,"s:38:27:38:Infinity":20,"s:40:6:40:Infinity":21,"s:41:6:43:Infinity":22,"f:41:6:41:23":4,"s:42:8:42:Infinity":23,"s:45:4:45:Infinity":24,"f:54:2:54:14":5,"s:55:4:55:Infinity":25,"s:56:4:56:Infinity":26,"s:57:4:57:Infinity":27,"s:58:4:58:Infinity":28,"f:61:2:61:5":6,"s:62:4:62:Infinity":29,"b:62:11:62:45:62:45:62:Infinity":2,"f:65:2:65:10":7,"s:66:17:66:Infinity":30,"s:67:4:67:Infinity":31,"b:67:60:67:85:67:85:67:Infinity":3,"b:69:4:73:Infinity:71:11:73:Infinity":4,"s:69:4:73:Infinity":32,"s:70:6:70:Infinity":33,"s:72:6:72:Infinity":34,"s:75:4:84:Infinity":35,"f:75:9:75:20":8,"s:76:6:76:Infinity":36,"s:77:6:77:Infinity":37,"s:78:19:78:Infinity":38,"s:79:17:79:Infinity":39,"b:79:44:79:48:79:48:79:Infinity":5,"s:80:21:80:Infinity":40,"b:80:36:80:47:80:47:80:Infinity":6,"s:81:6:83:Infinity":41,"s:86:4:86:Infinity":42,"f:92:2:92:14":9,"s:93:4:93:Infinity":43,"s:94:4:94:Infinity":44,"f:96:2:96:5":10,"s:97:4:97:Infinity":45,"f:99:2:99:10":11,"s:100:17:100:Infinity":46,"s:101:4:101:Infinity":47,"s:102:4:102:Infinity":48,"s:103:4:103:Infinity":49,"f:109:2:109:14":12,"s:110:4:110:Infinity":50,"s:111:4:111:Infinity":51,"f:113:2:113:5":13,"s:114:4:114:Infinity":52,"f:116:2:116:10":14,"s:117:17:117:Infinity":53,"s:118:4:118:Infinity":54,"s:119:4:119:Infinity":55,"s:121:19:121:Infinity":56,"s:122:4:122:Infinity":57,"s:123:4:123:Infinity":58,"s:124:4:124:Infinity":59,"s:125:4:125:Infinity":60,"s:126:4:126:Infinity":61,"s:127:4:127:Infinity":62,"s:128:4:128:Infinity":63,"s:129:4:129:Infinity":64,"s:130:4:130:Infinity":65,"s:132:4:144:Infinity":66,"f:132:11:132:22":15,"s:133:6:133:Infinity":67,"s:134:6:134:Infinity":68,"s:135:6:135:Infinity":69,"s:137:6:137:Infinity":70,"s:138:6:138:Infinity":71,"s:139:6:139:Infinity":72,"s:141:6:143:Infinity":73,"f:141:6:141:23":16,"s:142:8:142:Infinity":74,"s:146:17:146:Infinity":75,"s:148:4:148:Infinity":76,"s:149:4:149:Infinity":77,"s:151:4:151:Infinity":78,"f:161:2:161:14":17,"s:162:4:162:Infinity":79,"s:163:4:163:Infinity":80,"s:164:4:164:Infinity":81,"s:165:4:165:Infinity":82,"s:166:4:166:Infinity":83,"f:169:2:169:5":18,"s:170:4:171:Infinity":84,"b:171:6:171:40:171:40:171:66:171:66:171:Infinity":7,"f:175:2:175:10":19,"s:176:17:176:Infinity":85,"s:177:4:180:Infinity":86,"b:179:22:179:42:179:42:179:Infinity":8,"b:180:39:180:59:180:59:180:Infinity":9,"b:180:7:180:23:180:23:180:39":10,"b:182:4:186:Infinity:184:11:186:Infinity":11,"s:182:4:186:Infinity":87,"s:183:6:183:Infinity":88,"s:185:6:185:Infinity":89,"s:189:4:200:Infinity":90,"f:189:9:189:24":20,"s:190:6:190:Infinity":91,"s:191:6:191:Infinity":92,"s:193:19:193:Infinity":93,"s:194:17:194:Infinity":94,"b:194:44:194:49:194:49:194:Infinity":12,"s:195:21:195:Infinity":95,"b:195:36:195:46:195:46:195:Infinity":13,"s:197:6:199:Infinity":96,"s:202:4:202:Infinity":97,"f:205:2:205:16":21,"s:206:4:206:Infinity":98,"f:211:2:211:10":22,"s:212:17:212:Infinity":99,"s:213:4:213:Infinity":100,"s:214:4:214:Infinity":101,"s:215:4:215:Infinity":102},"fnNames":{}}}
,"/Users/aditya/Projects/PaperCache/src/store/useAppStore.ts": {"path":"/Users/aditya/Projects/PaperCache/src/store/useAppStore.ts","statementMap":{"0":{"start":{"line":42,"column":13},"end":{"line":106,"column":null}},"1":{"start":{"line":42,"column":54},"end":{"line":106,"column":2}},"2":{"start":{"line":59,"column":4},"end":{"line":61,"column":null}},"3":{"start":{"line":59,"column":20},"end":{"line":61,"column":6}},"4":{"start":{"line":62,"column":45},"end":{"line":62,"column":null}},"5":{"start":{"line":64,"column":4},"end":{"line":66,"column":null}},"6":{"start":{"line":64,"column":20},"end":{"line":66,"column":6}},"7":{"start":{"line":69,"column":4},"end":{"line":72,"column":null}},"8":{"start":{"line":69,"column":20},"end":{"line":72,"column":6}},"9":{"start":{"line":74,"column":4},"end":{"line":79,"column":null}},"10":{"start":{"line":74,"column":20},"end":{"line":79,"column":6}},"11":{"start":{"line":80,"column":33},"end":{"line":80,"column":null}},"12":{"start":{"line":81,"column":35},"end":{"line":81,"column":null}},"13":{"start":{"line":82,"column":41},"end":{"line":82,"column":null}},"14":{"start":{"line":83,"column":43},"end":{"line":83,"column":null}},"15":{"start":{"line":85,"column":4},"end":{"line":90,"column":null}},"16":{"start":{"line":85,"column":20},"end":{"line":90,"column":6}},"17":{"start":{"line":91,"column":49},"end":{"line":91,"column":null}},"18":{"start":{"line":93,"column":4},"end":{"line":98,"column":null}},"19":{"start":{"line":93,"column":20},"end":{"line":98,"column":6}},"20":{"start":{"line":100,"column":4},"end":{"line":105,"column":null}},"21":{"start":{"line":100,"column":20},"end":{"line":105,"column":6}}},"fnMap":{"0":{"name":"(anonymous_0)","decl":{"start":{"line":42,"column":27},"end":{"line":42,"column":45}},"loc":{"start":{"line":42,"column":54},"end":{"line":106,"column":2}},"line":42},"1":{"name":"(anonymous_1)","decl":{"start":{"line":58,"column":2},"end":{"line":58,"column":13}},"loc":{"start":{"line":59,"column":4},"end":{"line":61,"column":null}},"line":59},"2":{"name":"(anonymous_2)","decl":{"start":{"line":59,"column":4},"end":{"line":59,"column":9}},"loc":{"start":{"line":59,"column":20},"end":{"line":61,"column":6}},"line":59},"3":{"name":"(anonymous_3)","decl":{"start":{"line":62,"column":2},"end":{"line":62,"column":24}},"loc":{"start":{"line":62,"column":45},"end":{"line":62,"column":null}},"line":62},"4":{"name":"(anonymous_4)","decl":{"start":{"line":63,"column":2},"end":{"line":63,"column":17}},"loc":{"start":{"line":64,"column":4},"end":{"line":66,"column":null}},"line":64},"5":{"name":"(anonymous_5)","decl":{"start":{"line":64,"column":4},"end":{"line":64,"column":9}},"loc":{"start":{"line":64,"column":20},"end":{"line":66,"column":6}},"line":64},"6":{"name":"(anonymous_6)","decl":{"start":{"line":68,"column":2},"end":{"line":68,"column":21}},"loc":{"start":{"line":69,"column":4},"end":{"line":72,"column":null}},"line":69},"7":{"name":"(anonymous_7)","decl":{"start":{"line":69,"column":4},"end":{"line":69,"column":9}},"loc":{"start":{"line":69,"column":20},"end":{"line":72,"column":6}},"line":69},"8":{"name":"(anonymous_8)","decl":{"start":{"line":73,"column":2},"end":{"line":73,"column":25}},"loc":{"start":{"line":74,"column":4},"end":{"line":79,"column":null}},"line":74},"9":{"name":"(anonymous_9)","decl":{"start":{"line":74,"column":4},"end":{"line":74,"column":9}},"loc":{"start":{"line":74,"column":20},"end":{"line":79,"column":6}},"line":74},"10":{"name":"(anonymous_10)","decl":{"start":{"line":80,"column":2},"end":{"line":80,"column":18}},"loc":{"start":{"line":80,"column":33},"end":{"line":80,"column":null}},"line":80},"11":{"name":"(anonymous_11)","decl":{"start":{"line":81,"column":2},"end":{"line":81,"column":19}},"loc":{"start":{"line":81,"column":35},"end":{"line":81,"column":null}},"line":81},"12":{"name":"(anonymous_12)","decl":{"start":{"line":82,"column":2},"end":{"line":82,"column":22}},"loc":{"start":{"line":82,"column":41},"end":{"line":82,"column":null}},"line":82},"13":{"name":"(anonymous_13)","decl":{"start":{"line":83,"column":2},"end":{"line":83,"column":23}},"loc":{"start":{"line":83,"column":43},"end":{"line":83,"column":null}},"line":83},"14":{"name":"(anonymous_14)","decl":{"start":{"line":84,"column":2},"end":{"line":84,"column":27}},"loc":{"start":{"line":85,"column":4},"end":{"line":90,"column":null}},"line":85},"15":{"name":"(anonymous_15)","decl":{"start":{"line":85,"column":4},"end":{"line":85,"column":9}},"loc":{"start":{"line":85,"column":20},"end":{"line":90,"column":6}},"line":85},"16":{"name":"(anonymous_16)","decl":{"start":{"line":91,"column":2},"end":{"line":91,"column":26}},"loc":{"start":{"line":91,"column":49},"end":{"line":91,"column":null}},"line":91},"17":{"name":"(anonymous_17)","decl":{"start":{"line":92,"column":2},"end":{"line":92,"column":26}},"loc":{"start":{"line":93,"column":4},"end":{"line":98,"column":null}},"line":93},"18":{"name":"(anonymous_18)","decl":{"start":{"line":93,"column":4},"end":{"line":93,"column":9}},"loc":{"start":{"line":93,"column":20},"end":{"line":98,"column":6}},"line":93},"19":{"name":"(anonymous_19)","decl":{"start":{"line":99,"column":2},"end":{"line":99,"column":23}},"loc":{"start":{"line":100,"column":4},"end":{"line":105,"column":null}},"line":100},"20":{"name":"(anonymous_20)","decl":{"start":{"line":100,"column":4},"end":{"line":100,"column":9}},"loc":{"start":{"line":100,"column":20},"end":{"line":105,"column":6}},"line":100}},"branchMap":{"0":{"loc":{"start":{"line":45,"column":13},"end":{"line":45,"column":null}},"type":"binary-expr","locations":[{"start":{"line":45,"column":13},"end":{"line":45,"column":64}},{"start":{"line":45,"column":64},"end":{"line":45,"column":null}}],"line":45},"1":{"loc":{"start":{"line":60,"column":13},"end":{"line":60,"column":null}},"type":"cond-expr","locations":[{"start":{"line":60,"column":43},"end":{"line":60,"column":64}},{"start":{"line":60,"column":64},"end":{"line":60,"column":null}}],"line":60},"2":{"loc":{"start":{"line":65,"column":17},"end":{"line":65,"column":null}},"type":"cond-expr","locations":[{"start":{"line":65,"column":51},"end":{"line":65,"column":80}},{"start":{"line":65,"column":80},"end":{"line":65,"column":null}}],"line":65},"3":{"loc":{"start":{"line":71,"column":8},"end":{"line":71,"column":null}},"type":"cond-expr","locations":[{"start":{"line":71,"column":46},"end":{"line":71,"column":83}},{"start":{"line":71,"column":83},"end":{"line":71,"column":null}}],"line":71},"4":{"loc":{"start":{"line":76,"column":8},"end":{"line":78,"column":null}},"type":"cond-expr","locations":[{"start":{"line":77,"column":12},"end":{"line":77,"column":null}},{"start":{"line":78,"column":12},"end":{"line":78,"column":null}}],"line":76},"5":{"loc":{"start":{"line":87,"column":8},"end":{"line":89,"column":null}},"type":"cond-expr","locations":[{"start":{"line":88,"column":12},"end":{"line":88,"column":null}},{"start":{"line":89,"column":12},"end":{"line":89,"column":null}}],"line":87},"6":{"loc":{"start":{"line":95,"column":8},"end":{"line":97,"column":null}},"type":"cond-expr","locations":[{"start":{"line":96,"column":12},"end":{"line":96,"column":null}},{"start":{"line":97,"column":12},"end":{"line":97,"column":null}}],"line":95},"7":{"loc":{"start":{"line":102,"column":8},"end":{"line":104,"column":null}},"type":"cond-expr","locations":[{"start":{"line":103,"column":12},"end":{"line":103,"column":null}},{"start":{"line":104,"column":12},"end":{"line":104,"column":null}}],"line":102}},"s":{"0":3,"1":3,"2":2,"3":2,"4":1,"5":0,"6":0,"7":2,"8":2,"9":0,"10":0,"11":0,"12":0,"13":1,"14":0,"15":0,"16":0,"17":0,"18":0,"19":0,"20":0,"21":0},"f":{"0":3,"1":2,"2":2,"3":1,"4":0,"5":0,"6":2,"7":2,"8":0,"9":0,"10":0,"11":0,"12":1,"13":0,"14":0,"15":0,"16":0,"17":0,"18":0,"19":0,"20":0},"b":{"0":[3,3],"1":[1,1],"2":[0,0],"3":[1,1],"4":[0,0],"5":[0,0],"6":[0,0],"7":[0,0]},"meta":{"lastBranch":8,"lastFunction":21,"lastStatement":22,"seen":{"s:42:13:106:Infinity":0,"f:42:27:42:45":0,"s:42:54:106:2":1,"b:45:13:45:64:45:64:45:Infinity":0,"f:58:2:58:13":1,"s:59:4:61:Infinity":2,"f:59:4:59:9":2,"s:59:20:61:6":3,"b:60:43:60:64:60:64:60:Infinity":1,"f:62:2:62:24":3,"s:62:45:62:Infinity":4,"f:63:2:63:17":4,"s:64:4:66:Infinity":5,"f:64:4:64:9":5,"s:64:20:66:6":6,"b:65:51:65:80:65:80:65:Infinity":2,"f:68:2:68:21":6,"s:69:4:72:Infinity":7,"f:69:4:69:9":7,"s:69:20:72:6":8,"b:71:46:71:83:71:83:71:Infinity":3,"f:73:2:73:25":8,"s:74:4:79:Infinity":9,"f:74:4:74:9":9,"s:74:20:79:6":10,"b:77:12:77:Infinity:78:12:78:Infinity":4,"f:80:2:80:18":10,"s:80:33:80:Infinity":11,"f:81:2:81:19":11,"s:81:35:81:Infinity":12,"f:82:2:82:22":12,"s:82:41:82:Infinity":13,"f:83:2:83:23":13,"s:83:43:83:Infinity":14,"f:84:2:84:27":14,"s:85:4:90:Infinity":15,"f:85:4:85:9":15,"s:85:20:90:6":16,"b:88:12:88:Infinity:89:12:89:Infinity":5,"f:91:2:91:26":16,"s:91:49:91:Infinity":17,"f:92:2:92:26":17,"s:93:4:98:Infinity":18,"f:93:4:93:9":18,"s:93:20:98:6":19,"b:96:12:96:Infinity:97:12:97:Infinity":6,"f:99:2:99:23":19,"s:100:4:105:Infinity":20,"f:100:4:100:9":20,"s:100:20:105:6":21,"b:103:12:103:Infinity:104:12:104:Infinity":7},"fnNames":{}}}
}
